

//*******************************************************************************
project name: .\3x5patch_2ndOrderWavePort2\3x5patch_2ndOrderWavePort2
frequency: 2.35e+009
start solving: 
TIME___________Total/s__________Delta/s
Real             0.218            0.218
User          0.140401         0.140401
Syst         0.0312002        0.0312002
solving finished: 
TIME___________Total/s__________Delta/s
Real             0.468             0.25
User          0.312002         0.171601
Syst         0.0312002                0
start writing solution file: 
TIME___________Total/s__________Delta/s
Real              0.53            0.062
User          0.358802        0.0468003
Syst         0.0468003        0.0156001
writing solution file finished: 
TIME___________Total/s__________Delta/s
Real             0.546            0.016
User          0.390002        0.0312002
Syst         0.0468003                0
program finished: 
TIME___________Total/s__________Delta/s
Real             0.546                0
User          0.390002                0
Syst         0.0468003                0


//*******************************************************************************
project name: .\3x5patch_2ndOrderWavePort2\3x5patch_2ndOrderWavePort2
frequency: 2.35e+009
start solving: 
TIME___________Total/s__________Delta/s
Real              0.18             0.18
User          0.156001         0.156001
Syst                 0                0
solving finished: 
TIME___________Total/s__________Delta/s
Real             0.425            0.245
User          0.312002         0.156001
Syst         0.0156001        0.0156001
start writing solution file: 
TIME___________Total/s__________Delta/s
Real             0.492            0.067
User          0.421203         0.109201
Syst         0.0156001                0
writing solution file finished: 
TIME___________Total/s__________Delta/s
Real             0.512             0.02
User          0.436803        0.0156001
Syst         0.0156001                0
program finished: 
TIME___________Total/s__________Delta/s
Real             0.512                0
User          0.436803                0
Syst         0.0156001                0


//*******************************************************************************
project name: .\3x5patch_2ndOrderWavePort2\3x5patch_2ndOrderWavePort2
frequency: 2.35e+009
start solving: 
TIME___________Total/s__________Delta/s
Real             0.171            0.171
User          0.140401         0.140401
Syst                 0                0
solving finished: 
TIME___________Total/s__________Delta/s
Real             0.421             0.25
User          0.312002         0.171601
Syst                 0                0
start writing solution file: 
TIME___________Total/s__________Delta/s
Real             0.483            0.062
User          0.358802        0.0468003
Syst         0.0156001        0.0156001
writing solution file finished: 
TIME___________Total/s__________Delta/s
Real             0.499            0.016
User          0.390002        0.0312002
Syst         0.0156001                0
program finished: 
TIME___________Total/s__________Delta/s
Real             0.499                0
User          0.390002                0
Syst         0.0156001                0


//*******************************************************************************
project name: .\3x5patch_2ndOrderWavePort2\3x5patch_2ndOrderWavePort2
frequency: 2.35e+009
start solving: 
TIME___________Total/s__________Delta/s
Real             0.171            0.171
User          0.124801         0.124801
Syst                 0                0
solving finished: 
TIME___________Total/s__________Delta/s
Real             0.421             0.25
User          0.280802         0.156001
Syst         0.0156001        0.0156001
start writing solution file: 
TIME___________Total/s__________Delta/s
Real             0.499            0.078
User          0.374402        0.0936006
Syst         0.0312002        0.0156001
writing solution file finished: 
TIME___________Total/s__________Delta/s
Real              0.53            0.031
User          0.421203        0.0468003
Syst         0.0312002                0
program finished: 
TIME___________Total/s__________Delta/s
Real              0.53                0
User          0.421203                0
Syst         0.0312002                0
