

//*******************************************************************************
project name: .\3x5patch_2ndOrderWavePort12\3x5patch_2ndOrderWavePort12
frequency: 2.35e+009
start solving: 
TIME___________Total/s__________Delta/s
Real             0.124            0.124
User          0.109201         0.109201
Syst                 0                0
solving finished: 
TIME___________Total/s__________Delta/s
Real             0.842            0.718
User          0.468003         0.358802
Syst                 0                0
start writing solution file: 
TIME___________Total/s__________Delta/s
Real             0.904            0.062
User          0.530403        0.0624004
Syst         0.0156001        0.0156001
writing solution file finished: 
TIME___________Total/s__________Delta/s
Real             0.936            0.032
User          0.546003        0.0156001
Syst         0.0156001                0
program finished: 
TIME___________Total/s__________Delta/s
Real             0.936                0
User          0.546003                0
Syst         0.0156001                0


//*******************************************************************************
project name: .\3x5patch_2ndOrderWavePort12\3x5patch_2ndOrderWavePort12
frequency: 2.35e+009
start solving: 
TIME___________Total/s__________Delta/s
Real              0.14             0.14
User          0.109201         0.109201
Syst         0.0312002        0.0312002
solving finished: 
TIME___________Total/s__________Delta/s
Real             0.395            0.255
User          0.265202         0.156001
Syst         0.0468003        0.0156001
start writing solution file: 
TIME___________Total/s__________Delta/s
Real             0.472            0.077
User          0.327602        0.0624004
Syst         0.0780005        0.0312002
writing solution file finished: 
TIME___________Total/s__________Delta/s
Real             0.492             0.02
User          0.343202        0.0156001
Syst         0.0780005                0
program finished: 
TIME___________Total/s__________Delta/s
Real             0.497            0.005
User          0.343202                0
Syst         0.0780005                0


//*******************************************************************************
project name: .\3x5patch_2ndOrderWavePort12\3x5patch_2ndOrderWavePort12
frequency: 2.35e+009
start solving: 
TIME___________Total/s__________Delta/s
Real              0.14             0.14
User         0.0624004        0.0624004
Syst         0.0312002        0.0312002
solving finished: 
TIME___________Total/s__________Delta/s
Real             0.499            0.359
User          0.358802         0.296402
Syst         0.0312002                0
start writing solution file: 
TIME___________Total/s__________Delta/s
Real             0.577            0.078
User          0.468003         0.109201
Syst         0.0312002                0
writing solution file finished: 
TIME___________Total/s__________Delta/s
Real             0.608            0.031
User          0.483603        0.0156001
Syst         0.0312002                0
program finished: 
TIME___________Total/s__________Delta/s
Real             0.608                0
User          0.483603                0
Syst         0.0312002                0


//*******************************************************************************
project name: .\3x5patch_2ndOrderWavePort12\3x5patch_2ndOrderWavePort12
frequency: 2.35e+009
start solving: 
TIME___________Total/s__________Delta/s
Real              0.14             0.14
User          0.109201         0.109201
Syst                 0                0
solving finished: 
TIME___________Total/s__________Delta/s
Real             0.405            0.265
User          0.265202         0.156001
Syst         0.0312002        0.0312002
start writing solution file: 
TIME___________Total/s__________Delta/s
Real             0.483            0.078
User          0.374402         0.109201
Syst         0.0312002                0
writing solution file finished: 
TIME___________Total/s__________Delta/s
Real              0.53            0.047
User          0.436803        0.0624004
Syst         0.0312002                0
program finished: 
TIME___________Total/s__________Delta/s
Real              0.53                0
User          0.436803                0
Syst         0.0312002                0
