

//*******************************************************************************
project name: .\3x5patch_1stOrderWavePort11\3x5patch_1stOrderWavePort11
frequency: 2.35e+009
start solving: 
TIME___________Total/s__________Delta/s
Real             0.171            0.171
User          0.140401         0.140401
Syst         0.0312002        0.0312002
solving finished: 
TIME___________Total/s__________Delta/s
Real             0.468            0.297
User          0.296402         0.156001
Syst         0.0312002                0
start writing solution file: 
TIME___________Total/s__________Delta/s
Real              0.53            0.062
User          0.374402        0.0780005
Syst         0.0468003        0.0156001
writing solution file finished: 
TIME___________Total/s__________Delta/s
Real             0.546            0.016
User          0.405603        0.0312002
Syst         0.0468003                0
program finished: 
TIME___________Total/s__________Delta/s
Real             0.546                0
User          0.405603                0
Syst         0.0468003                0


//*******************************************************************************
project name: .\3x5patch_1stOrderWavePort11\3x5patch_1stOrderWavePort11
frequency: 2.35e+009
start solving: 
TIME___________Total/s__________Delta/s
Real             0.187            0.187
User          0.109201         0.109201
Syst         0.0156001        0.0156001
solving finished: 
TIME___________Total/s__________Delta/s
Real             0.421            0.234
User          0.218401         0.109201
Syst         0.0312002        0.0156001
start writing solution file: 
TIME___________Total/s__________Delta/s
Real             0.514            0.093
User          0.312002        0.0936006
Syst         0.0468003        0.0156001
writing solution file finished: 
TIME___________Total/s__________Delta/s
Real              0.53            0.016
User          0.343202        0.0312002
Syst         0.0468003                0
program finished: 
TIME___________Total/s__________Delta/s
Real             0.546            0.016
User          0.374402        0.0312002
Syst         0.0468003                0


//*******************************************************************************
project name: .\3x5patch_1stOrderWavePort11\3x5patch_1stOrderWavePort11
frequency: 2.35e+009
start solving: 
TIME___________Total/s__________Delta/s
Real             0.171            0.171
User         0.0936006        0.0936006
Syst         0.0312002        0.0312002
solving finished: 
TIME___________Total/s__________Delta/s
Real             0.405            0.234
User          0.234002         0.140401
Syst         0.0312002                0
start writing solution file: 
TIME___________Total/s__________Delta/s
Real             0.499            0.094
User          0.296402        0.0624004
Syst         0.0624004        0.0312002
writing solution file finished: 
TIME___________Total/s__________Delta/s
Real             0.546            0.047
User          0.327602        0.0312002
Syst         0.0624004                0
program finished: 
TIME___________Total/s__________Delta/s
Real             0.546                0
User          0.327602                0
Syst         0.0624004                0


//*******************************************************************************
project name: .\3x5patch_1stOrderWavePort11\3x5patch_1stOrderWavePort11
frequency: 2.35e+009
start solving: 
TIME___________Total/s__________Delta/s
Real             0.171            0.171
User          0.109201         0.109201
Syst         0.0312002        0.0312002
solving finished: 
TIME___________Total/s__________Delta/s
Real             0.421             0.25
User          0.234002         0.124801
Syst         0.0624004        0.0312002
start writing solution file: 
TIME___________Total/s__________Delta/s
Real             0.468            0.047
User          0.312002        0.0780005
Syst         0.0624004                0
writing solution file finished: 
TIME___________Total/s__________Delta/s
Real             0.499            0.031
User          0.358802        0.0468003
Syst         0.0624004                0
program finished: 
TIME___________Total/s__________Delta/s
Real             0.499                0
User          0.358802                0
Syst         0.0624004                0
