

//*******************************************************************************
project name: .\3x5patch_2ndOrderWavePort4\3x5patch_2ndOrderWavePort4
frequency: 2.35e+009
start solving: 
TIME___________Total/s__________Delta/s
Real             0.156            0.156
User         0.0780005        0.0780005
Syst                 0                0
solving finished: 
TIME___________Total/s__________Delta/s
Real             0.514            0.358
User          0.312002         0.234002
Syst         0.0156001        0.0156001
start writing solution file: 
TIME___________Total/s__________Delta/s
Real             0.577            0.063
User          0.390002        0.0780005
Syst         0.0312002        0.0156001
writing solution file finished: 
TIME___________Total/s__________Delta/s
Real             0.592            0.015
User          0.421203        0.0312002
Syst         0.0312002                0
program finished: 
TIME___________Total/s__________Delta/s
Real             0.592                0
User          0.421203                0
Syst         0.0312002                0


//*******************************************************************************
project name: .\3x5patch_2ndOrderWavePort4\3x5patch_2ndOrderWavePort4
frequency: 2.35e+009
start solving: 
TIME___________Total/s__________Delta/s
Real              0.15             0.15
User         0.0780005        0.0780005
Syst         0.0312002        0.0312002
solving finished: 
TIME___________Total/s__________Delta/s
Real               0.4             0.25
User          0.249602         0.171601
Syst         0.0468003        0.0156001
start writing solution file: 
TIME___________Total/s__________Delta/s
Real             0.464            0.064
User          0.327602        0.0780005
Syst         0.0468003                0
writing solution file finished: 
TIME___________Total/s__________Delta/s
Real             0.485            0.021
User          0.327602                0
Syst         0.0468003                0
program finished: 
TIME___________Total/s__________Delta/s
Real             0.487            0.002
User          0.327602                0
Syst         0.0468003                0


//*******************************************************************************
project name: .\3x5patch_2ndOrderWavePort4\3x5patch_2ndOrderWavePort4
frequency: 2.35e+009
start solving: 
TIME___________Total/s__________Delta/s
Real              0.14             0.14
User         0.0468003        0.0468003
Syst         0.0312002        0.0312002
solving finished: 
TIME___________Total/s__________Delta/s
Real             0.421            0.281
User          0.218401         0.171601
Syst         0.0624004        0.0312002
start writing solution file: 
TIME___________Total/s__________Delta/s
Real              0.67            0.249
User          0.405603         0.187201
Syst         0.0624004                0
writing solution file finished: 
TIME___________Total/s__________Delta/s
Real             0.702            0.032
User          0.405603                0
Syst         0.0624004                0
program finished: 
TIME___________Total/s__________Delta/s
Real             0.702                0
User          0.405603                0
Syst         0.0624004                0


//*******************************************************************************
project name: .\3x5patch_2ndOrderWavePort4\3x5patch_2ndOrderWavePort4
frequency: 2.35e+009
start solving: 
TIME___________Total/s__________Delta/s
Real             0.156            0.156
User         0.0936006        0.0936006
Syst         0.0312002        0.0312002
solving finished: 
TIME___________Total/s__________Delta/s
Real             0.405            0.249
User          0.234002         0.140401
Syst         0.0468003        0.0156001
start writing solution file: 
TIME___________Total/s__________Delta/s
Real             0.499            0.094
User          0.312002        0.0780005
Syst         0.0468003                0
writing solution file finished: 
TIME___________Total/s__________Delta/s
Real             0.514            0.015
User          0.343202        0.0312002
Syst         0.0468003                0
program finished: 
TIME___________Total/s__________Delta/s
Real             0.514                0
User          0.343202                0
Syst         0.0468003                0
