FEKO      Version  52.207       from 2006-08-14 (FEKO Suite 5.2)               
          PREFEKO version 31.30-75 from 2006-08-14                    BINARY
          Copyright (c) 1999-2006 EM Software & Systems-S.A. (Pty) Ltd     
          Intel(R) MKL version 8.1 (build 032106.09) on Intel(R) Pentium(R) 4 processor  with SSE3 (2 threads)
Computer: PC WIN32 MKL -- cq61                              
          Home Edition  (Build 7600), Version 6.1.7600
          GenuineIntel family 6 model 7 stepping 10 brand id 0 (2 CPUs found)
Date:     2010-03-20 21:09:28                     
File:     3x5Huygens
Memory:   Limited to    2.000 GByte, reason  224
MD5 Check:76B0840742F7776BA9432BD37EA3EF5E



                                DATA FOR MEMORY USAGE

 Number of metallic triangles:            0                   max. triangles:MAXNDR   =        0
 Number of dielectric triangles:          0
 Number of FEM surface triangles:         0
 Number of metallic segments:             0                   max. segments: MAXNSEG  =        0
 Number dielectr./magnet. cuboids:        0                   max. cuboids:  MAXNQUA  =        0
 Number of tetrahedral elements:          0                   max. tetrah.:  MAXNTETRA=        0
 Number of edges in PO region:            0                   max. edges:    MAXPOKA  =        0
 Number of wedges in PO region:           0                   max. wedges:   MAXPOKL  =        0
 Number of Fock regions:                  0                   max. Fock reg.:MAXFOGE  =        0
 Number of polygonal surfaces:            0                   max. surfaces: MAXPOLYF =        0
                                                              max. corner p.:MAXPOLYP =        0
 Number of UTD cylinders:                 0

 Number of metallic edges (MoM):            0  unknown:        0   max. edges:   MAXNKA    =        0
                                            0  unknown:        0   (magnet.) 
 Number of metallic edges (PO):             0  unknown:        0   (electr.)         0 (magnet.)
 Number of dielectric edges (MoM):          0  unknown:        0   (electr.) 
                                            0                  0   (magnet.) 
 Number of dielectric edges (PO):           0  unknown:        0   (electr.)         0 (magnet.)
 Number of edges FEM/MoM surface:           0  unknown:        0   (electr.) 
                                            0                  0   (magnet.) 
 Number of nodes between segments:          0  unknown:        0   max. nodes:   MAXNKNO   =        0
 Number of connection points:               0  unknown:        0   max. conn.:   MAXNV     =        0
 Number of dielectric cuboids:              0  unknown:        0   max. cuboids: MAXNQUA   =        0
 Number of magnetic cuboids:                0  unknown:        0

 Number of basis funct. for MoM:            0  unknown:        0   max. basisf.  MAXNZEILE =       20
 Number of basis funct. for PO:             0  unknown:        0   max. basisf.  MAXNKAPO  =        0

 Memory requirement for MoM matrix:         0 rows *        0 columns =           0 complex numbers
 Storage using single precision
 For the matrix, a memory of            0 complex numbers is available (i.e.    0 Byte)
 Storing the matrix and solving the linear set of equations in main memory (case 1)

     A total memory of   23.102 kByte has been allocated dynamically
     (peak memory usage so far   23.102 kByte)

 read from input file:                             
FR       0    0    0    0    0 1.000E+09 0.000E+00 0.000E+00 0.000E+00 0.000E+00 0.000E+00 0.000E+00 0.000E+00
 read from input file:                             
A5       0    0    0    0    0 1.000E+00 0.000E+00 0.000E+00 0.000E+00 0.000E+00 9.000E+01 2.700E+02 0.000E+00
 read from input file:                             
A5       1    0    0    0    0 1.000E+00 0.000E+00-1.499E-01 0.000E+00 0.000E+00 9.000E+01 2.700E+02 0.000E+00
 read from input file:                             
A5       1    0    0    0    0 1.000E+00 0.000E+00 1.499E-01 0.000E+00 0.000E+00 9.000E+01 2.700E+02 0.000E+00
 read from input file:                             
A5       1    0    0    0    0 1.000E+00 0.000E+00-1.499E-01 1.499E-01 0.000E+00 9.000E+01 2.700E+02 0.000E+00
 read from input file:                             
A5       1    0    0    0    0 1.000E+00 0.000E+00 0.000E+00 1.499E-01 0.000E+00 9.000E+01 2.700E+02 0.000E+00
 read from input file:                             
A5       1    0    0    0    0 1.000E+00 0.000E+00 1.499E-01 1.499E-01 0.000E+00 9.000E+01 2.700E+02 0.000E+00
 read from input file:                             
A5       1    0    0    0    0 1.000E+00 0.000E+00-1.499E-01 2.998E-01 0.000E+00 9.000E+01 2.700E+02 0.000E+00
 read from input file:                             
A5       1    0    0    0    0 1.000E+00 0.000E+00 0.000E+00 2.998E-01 0.000E+00 9.000E+01 2.700E+02 0.000E+00
 read from input file:                             
A5       1    0    0    0    0 1.000E+00 0.000E+00 1.499E-01 2.998E-01 0.000E+00 9.000E+01 2.700E+02 0.000E+00
 read from input file:                             
A5       1    0    0    0    0 1.000E+00 0.000E+00 1.499E-01-1.499E-01 0.000E+00 9.000E+01 2.700E+02 0.000E+00
 read from input file:                             
A5       1    0    0    0    0 1.000E+00 0.000E+00 0.000E+00-1.499E-01 0.000E+00 9.000E+01 2.700E+02 0.000E+00
 read from input file:                             
A5       1    0    0    0    0 1.000E+00 0.000E+00-1.499E-01-1.499E-01 0.000E+00 9.000E+01 2.700E+02 0.000E+00
 read from input file:                             
A5       1    0    0    0    0 1.000E+00 0.000E+00-1.499E-01-2.998E-01 0.000E+00 9.000E+01 2.700E+02 0.000E+00
 read from input file:                             
A5       1    0    0    0    0 1.000E+00 0.000E+00 0.000E+00-2.998E-01 0.000E+00 9.000E+01 2.700E+02 0.000E+00
 read from input file:                             
A5       1    0    0    0    0 1.000E+00 0.000E+00 1.499E-01-2.998E-01 0.000E+00 9.000E+01 2.700E+02 0.000E+00
 read from input file:                             
A6       1    0    0    0    1 3.767E+02 0.000E+00-1.499E-01 2.998E-01 0.000E+00 9.000E+01 0.000E+00 0.000E+00
 read from input file:                             
A6       1    0    0    0    1 3.767E+02 0.000E+00 0.000E+00 2.998E-01 0.000E+00 9.000E+01 0.000E+00 0.000E+00
 read from input file:                             
A6       1    0    0    0    1 3.767E+02 0.000E+00 1.499E-01 2.998E-01 0.000E+00 9.000E+01 0.000E+00 0.000E+00
 read from input file:                             
A6       1    0    0    0    1 3.767E+02 0.000E+00 1.499E-01 1.499E-01 0.000E+00 9.000E+01 0.000E+00 0.000E+00
 read from input file:                             
A6       1    0    0    0    1 3.767E+02 0.000E+00 0.000E+00 1.499E-01 0.000E+00 9.000E+01 0.000E+00 0.000E+00
 read from input file:                             
A6       1    0    0    0    1 3.767E+02 0.000E+00-1.499E-01 1.499E-01 0.000E+00 9.000E+01 0.000E+00 0.000E+00
 read from input file:                             
A6       1    0    0    0    1 3.767E+02 0.000E+00-1.499E-01 0.000E+00 0.000E+00 9.000E+01 0.000E+00 0.000E+00
 read from input file:                             
A6       1    0    0    0    1 3.767E+02 0.000E+00 0.000E+00 0.000E+00 0.000E+00 9.000E+01 0.000E+00 0.000E+00
 read from input file:                             
A6       1    0    0    0    1 3.767E+02 0.000E+00 1.499E-01 0.000E+00 0.000E+00 9.000E+01 0.000E+00 0.000E+00
 read from input file:                             
A6       1    0    0    0    1 3.767E+02 0.000E+00 1.499E-01-1.499E-01 0.000E+00 9.000E+01 0.000E+00 0.000E+00
 read from input file:                             
A6       1    0    0    0    1 3.767E+02 0.000E+00 0.000E+00-1.499E-01 0.000E+00 9.000E+01 0.000E+00 0.000E+00
 read from input file:                             
A6       1    0    0    0    1 3.767E+02 0.000E+00-1.499E-01-1.499E-01 0.000E+00 9.000E+01 0.000E+00 0.000E+00
 read from input file:                             
A6       1    0    0    0    1 3.767E+02 0.000E+00-1.499E-01-2.998E-01 0.000E+00 9.000E+01 0.000E+00 0.000E+00
 read from input file:                             
A6       1    0    0    0    1 3.767E+02 0.000E+00 0.000E+00-2.998E-01 0.000E+00 9.000E+01 0.000E+00 0.000E+00
 read from input file:                             
A6       1    0    0    0    1 3.767E+02 0.000E+00 1.499E-01-2.998E-01 0.000E+00 9.000E+01 0.000E+00 0.000E+00
 read from input file:                             
DA       0    0    0    0    0 0.000E+00 0.000E+00 0.000E+00 0.000E+00 0.000E+00 0.000E+00 0.000E+00 0.000E+00
 read from input file:                             
DA       0    0    0    0    0 0.000E+00 0.000E+00 0.000E+00 0.000E+00 0.000E+00 0.000E+00 0.000E+00 0.000E+00
 read from input file:                             
OF       1    0    0    0    0 0.000E+00 0.000E+00 0.000E+00 0.000E+00 0.000E+00 0.000E+00 0.000E+00 0.000E+00
 read from input file:                             
FF       1  181    2    0    0-1.800E+02 0.000E+00 2.000E+00 9.000E+01 0.000E+00 0.000E+00 0.000E+00 0.000E+00


                              DATA FOR DIELECTRIC MEDIA

internal  relative     relative  conductivity   tan(delta)    tan(delta)    wavelength   mass density    volume     medium
index  permittivity permeability   in S/m       (electric)    (magnetic)       in m       in kg/m^3      in m^3
    0      1.00000      1.00000  0.00000E+00   0.00000E+00   0.00000E+00   2.99792E-01   0.00000E+00    infinite    0


                         EXCITATION BY HERTZIAN DIPOLE

 Name:                   ElectricPoint1
 Number of excitation:   N =      1
 Frequency in Hz:        FREQ =  1.00000E+09
 Wavelength in m:        LAMBDA =  2.99792E-01
 Amplitude in Am:        |IL| =  1.00000E+00
 Phase in deg.:          ARG(IL) =     0.00
 Dipole location in m    X =  0.00000E+00
                         Y =  0.00000E+00
                         Z =  0.00000E+00
 Orientation of dipole:  THETA =   90.00
                         PHI   =  270.00



                         EXCITATION BY HERTZIAN DIPOLE

 Name:                   ElectricPoint2
 Number of excitation:   N =      2
 Frequency in Hz:        FREQ =  1.00000E+09
 Wavelength in m:        LAMBDA =  2.99792E-01
 Amplitude in Am:        |IL| =  1.00000E+00
 Phase in deg.:          ARG(IL) =     0.00
 Dipole location in m    X = -1.49896E-01
                         Y =  0.00000E+00
                         Z =  0.00000E+00
 Orientation of dipole:  THETA =   90.00
                         PHI   =  270.00



                         EXCITATION BY HERTZIAN DIPOLE

 Name:                   ElectricPoint3
 Number of excitation:   N =      3
 Frequency in Hz:        FREQ =  1.00000E+09
 Wavelength in m:        LAMBDA =  2.99792E-01
 Amplitude in Am:        |IL| =  1.00000E+00
 Phase in deg.:          ARG(IL) =     0.00
 Dipole location in m    X =  1.49896E-01
                         Y =  0.00000E+00
                         Z =  0.00000E+00
 Orientation of dipole:  THETA =   90.00
                         PHI   =  270.00



                         EXCITATION BY HERTZIAN DIPOLE

 Name:                   ElectricPoint4
 Number of excitation:   N =      4
 Frequency in Hz:        FREQ =  1.00000E+09
 Wavelength in m:        LAMBDA =  2.99792E-01
 Amplitude in Am:        |IL| =  1.00000E+00
 Phase in deg.:          ARG(IL) =     0.00
 Dipole location in m    X = -1.49896E-01
                         Y =  1.49896E-01
                         Z =  0.00000E+00
 Orientation of dipole:  THETA =   90.00
                         PHI   =  270.00



                         EXCITATION BY HERTZIAN DIPOLE

 Name:                   ElectricPoint5
 Number of excitation:   N =      5
 Frequency in Hz:        FREQ =  1.00000E+09
 Wavelength in m:        LAMBDA =  2.99792E-01
 Amplitude in Am:        |IL| =  1.00000E+00
 Phase in deg.:          ARG(IL) =     0.00
 Dipole location in m    X =  0.00000E+00
                         Y =  1.49896E-01
                         Z =  0.00000E+00
 Orientation of dipole:  THETA =   90.00
                         PHI   =  270.00



                         EXCITATION BY HERTZIAN DIPOLE

 Name:                   ElectricPoint6
 Number of excitation:   N =      6
 Frequency in Hz:        FREQ =  1.00000E+09
 Wavelength in m:        LAMBDA =  2.99792E-01
 Amplitude in Am:        |IL| =  1.00000E+00
 Phase in deg.:          ARG(IL) =     0.00
 Dipole location in m    X =  1.49896E-01
                         Y =  1.49896E-01
                         Z =  0.00000E+00
 Orientation of dipole:  THETA =   90.00
                         PHI   =  270.00



                         EXCITATION BY HERTZIAN DIPOLE

 Name:                   ElectricPoint7
 Number of excitation:   N =      7
 Frequency in Hz:        FREQ =  1.00000E+09
 Wavelength in m:        LAMBDA =  2.99792E-01
 Amplitude in Am:        |IL| =  1.00000E+00
 Phase in deg.:          ARG(IL) =     0.00
 Dipole location in m    X = -1.49896E-01
                         Y =  2.99792E-01
                         Z =  0.00000E+00
 Orientation of dipole:  THETA =   90.00
                         PHI   =  270.00



                         EXCITATION BY HERTZIAN DIPOLE

 Name:                   ElectricPoint8
 Number of excitation:   N =      8
 Frequency in Hz:        FREQ =  1.00000E+09
 Wavelength in m:        LAMBDA =  2.99792E-01
 Amplitude in Am:        |IL| =  1.00000E+00
 Phase in deg.:          ARG(IL) =     0.00
 Dipole location in m    X =  0.00000E+00
                         Y =  2.99792E-01
                         Z =  0.00000E+00
 Orientation of dipole:  THETA =   90.00
                         PHI   =  270.00



                         EXCITATION BY HERTZIAN DIPOLE

 Name:                   ElectricPoint9
 Number of excitation:   N =      9
 Frequency in Hz:        FREQ =  1.00000E+09
 Wavelength in m:        LAMBDA =  2.99792E-01
 Amplitude in Am:        |IL| =  1.00000E+00
 Phase in deg.:          ARG(IL) =     0.00
 Dipole location in m    X =  1.49896E-01
                         Y =  2.99792E-01
                         Z =  0.00000E+00
 Orientation of dipole:  THETA =   90.00
                         PHI   =  270.00



                         EXCITATION BY HERTZIAN DIPOLE

 Name:                   ElectricPoint10
 Number of excitation:   N =     10
 Frequency in Hz:        FREQ =  1.00000E+09
 Wavelength in m:        LAMBDA =  2.99792E-01
 Amplitude in Am:        |IL| =  1.00000E+00
 Phase in deg.:          ARG(IL) =     0.00
 Dipole location in m    X =  1.49896E-01
                         Y = -1.49896E-01
                         Z =  0.00000E+00
 Orientation of dipole:  THETA =   90.00
                         PHI   =  270.00



                         EXCITATION BY HERTZIAN DIPOLE

 Name:                   ElectricPoint11
 Number of excitation:   N =     11
 Frequency in Hz:        FREQ =  1.00000E+09
 Wavelength in m:        LAMBDA =  2.99792E-01
 Amplitude in Am:        |IL| =  1.00000E+00
 Phase in deg.:          ARG(IL) =     0.00
 Dipole location in m    X =  0.00000E+00
                         Y = -1.49896E-01
                         Z =  0.00000E+00
 Orientation of dipole:  THETA =   90.00
                         PHI   =  270.00



                         EXCITATION BY HERTZIAN DIPOLE

 Name:                   ElectricPoint12
 Number of excitation:   N =     12
 Frequency in Hz:        FREQ =  1.00000E+09
 Wavelength in m:        LAMBDA =  2.99792E-01
 Amplitude in Am:        |IL| =  1.00000E+00
 Phase in deg.:          ARG(IL) =     0.00
 Dipole location in m    X = -1.49896E-01
                         Y = -1.49896E-01
                         Z =  0.00000E+00
 Orientation of dipole:  THETA =   90.00
                         PHI   =  270.00



                         EXCITATION BY HERTZIAN DIPOLE

 Name:                   ElectricPoint13
 Number of excitation:   N =     13
 Frequency in Hz:        FREQ =  1.00000E+09
 Wavelength in m:        LAMBDA =  2.99792E-01
 Amplitude in Am:        |IL| =  1.00000E+00
 Phase in deg.:          ARG(IL) =     0.00
 Dipole location in m    X = -1.49896E-01
                         Y = -2.99792E-01
                         Z =  0.00000E+00
 Orientation of dipole:  THETA =   90.00
                         PHI   =  270.00



                         EXCITATION BY HERTZIAN DIPOLE

 Name:                   ElectricPoint14
 Number of excitation:   N =     14
 Frequency in Hz:        FREQ =  1.00000E+09
 Wavelength in m:        LAMBDA =  2.99792E-01
 Amplitude in Am:        |IL| =  1.00000E+00
 Phase in deg.:          ARG(IL) =     0.00
 Dipole location in m    X =  0.00000E+00
                         Y = -2.99792E-01
                         Z =  0.00000E+00
 Orientation of dipole:  THETA =   90.00
                         PHI   =  270.00



                         EXCITATION BY HERTZIAN DIPOLE

 Name:                   ElectricPoint15
 Number of excitation:   N =     15
 Frequency in Hz:        FREQ =  1.00000E+09
 Wavelength in m:        LAMBDA =  2.99792E-01
 Amplitude in Am:        |IL| =  1.00000E+00
 Phase in deg.:          ARG(IL) =     0.00
 Dipole location in m    X =  1.49896E-01
                         Y = -2.99792E-01
                         Z =  0.00000E+00
 Orientation of dipole:  THETA =   90.00
                         PHI   =  270.00



                         EXCITATION BY MAGNETIC DIPOLE

 Name:                   MagneticPoint1
 Number of excitation:   N =     16
 Frequency in Hz:        FREQ =  1.00000E+09
 Wavelength in m:        LAMBDA =  2.99792E-01
 Amplitude in Vm:        |Im*l| =  3.76730E+02
 Phase in deg.:          ARG(Im*l) =     0.00
 Dipole location in m:   X = -1.49896E-01
                         Y =  2.99792E-01
                         Z =  0.00000E+00
 Orientation of dipole:  THETA =   90.00
                         PHI   =    0.00



                         EXCITATION BY MAGNETIC DIPOLE

 Name:                   MagneticPoint2
 Number of excitation:   N =     17
 Frequency in Hz:        FREQ =  1.00000E+09
 Wavelength in m:        LAMBDA =  2.99792E-01
 Amplitude in Vm:        |Im*l| =  3.76730E+02
 Phase in deg.:          ARG(Im*l) =     0.00
 Dipole location in m:   X =  0.00000E+00
                         Y =  2.99792E-01
                         Z =  0.00000E+00
 Orientation of dipole:  THETA =   90.00
                         PHI   =    0.00



                         EXCITATION BY MAGNETIC DIPOLE

 Name:                   MagneticPoint3
 Number of excitation:   N =     18
 Frequency in Hz:        FREQ =  1.00000E+09
 Wavelength in m:        LAMBDA =  2.99792E-01
 Amplitude in Vm:        |Im*l| =  3.76730E+02
 Phase in deg.:          ARG(Im*l) =     0.00
 Dipole location in m:   X =  1.49896E-01
                         Y =  2.99792E-01
                         Z =  0.00000E+00
 Orientation of dipole:  THETA =   90.00
                         PHI   =    0.00



                         EXCITATION BY MAGNETIC DIPOLE

 Name:                   MagneticPoint4
 Number of excitation:   N =     19
 Frequency in Hz:        FREQ =  1.00000E+09
 Wavelength in m:        LAMBDA =  2.99792E-01
 Amplitude in Vm:        |Im*l| =  3.76730E+02
 Phase in deg.:          ARG(Im*l) =     0.00
 Dipole location in m:   X =  1.49896E-01
                         Y =  1.49896E-01
                         Z =  0.00000E+00
 Orientation of dipole:  THETA =   90.00
                         PHI   =    0.00



                         EXCITATION BY MAGNETIC DIPOLE

 Name:                   MagneticPoint5
 Number of excitation:   N =     20
 Frequency in Hz:        FREQ =  1.00000E+09
 Wavelength in m:        LAMBDA =  2.99792E-01
 Amplitude in Vm:        |Im*l| =  3.76730E+02
 Phase in deg.:          ARG(Im*l) =     0.00
 Dipole location in m:   X =  0.00000E+00
                         Y =  1.49896E-01
                         Z =  0.00000E+00
 Orientation of dipole:  THETA =   90.00
                         PHI   =    0.00



                         EXCITATION BY MAGNETIC DIPOLE

 Name:                   MagneticPoint6
 Number of excitation:   N =     21
 Frequency in Hz:        FREQ =  1.00000E+09
 Wavelength in m:        LAMBDA =  2.99792E-01
 Amplitude in Vm:        |Im*l| =  3.76730E+02
 Phase in deg.:          ARG(Im*l) =     0.00
 Dipole location in m:   X = -1.49896E-01
                         Y =  1.49896E-01
                         Z =  0.00000E+00
 Orientation of dipole:  THETA =   90.00
                         PHI   =    0.00



                         EXCITATION BY MAGNETIC DIPOLE

 Name:                   MagneticPoint7
 Number of excitation:   N =     22
 Frequency in Hz:        FREQ =  1.00000E+09
 Wavelength in m:        LAMBDA =  2.99792E-01
 Amplitude in Vm:        |Im*l| =  3.76730E+02
 Phase in deg.:          ARG(Im*l) =     0.00
 Dipole location in m:   X = -1.49896E-01
                         Y =  0.00000E+00
                         Z =  0.00000E+00
 Orientation of dipole:  THETA =   90.00
                         PHI   =    0.00



                         EXCITATION BY MAGNETIC DIPOLE

 Name:                   MagneticPoint8
 Number of excitation:   N =     23
 Frequency in Hz:        FREQ =  1.00000E+09
 Wavelength in m:        LAMBDA =  2.99792E-01
 Amplitude in Vm:        |Im*l| =  3.76730E+02
 Phase in deg.:          ARG(Im*l) =     0.00
 Dipole location in m:   X =  0.00000E+00
                         Y =  0.00000E+00
                         Z =  0.00000E+00
 Orientation of dipole:  THETA =   90.00
                         PHI   =    0.00



                         EXCITATION BY MAGNETIC DIPOLE

 Name:                   MagneticPoint9
 Number of excitation:   N =     24
 Frequency in Hz:        FREQ =  1.00000E+09
 Wavelength in m:        LAMBDA =  2.99792E-01
 Amplitude in Vm:        |Im*l| =  3.76730E+02
 Phase in deg.:          ARG(Im*l) =     0.00
 Dipole location in m:   X =  1.49896E-01
                         Y =  0.00000E+00
                         Z =  0.00000E+00
 Orientation of dipole:  THETA =   90.00
                         PHI   =    0.00



                         EXCITATION BY MAGNETIC DIPOLE

 Name:                   MagneticPoint10
 Number of excitation:   N =     25
 Frequency in Hz:        FREQ =  1.00000E+09
 Wavelength in m:        LAMBDA =  2.99792E-01
 Amplitude in Vm:        |Im*l| =  3.76730E+02
 Phase in deg.:          ARG(Im*l) =     0.00
 Dipole location in m:   X =  1.49896E-01
                         Y = -1.49896E-01
                         Z =  0.00000E+00
 Orientation of dipole:  THETA =   90.00
                         PHI   =    0.00



                         EXCITATION BY MAGNETIC DIPOLE

 Name:                   MagneticPoint11
 Number of excitation:   N =     26
 Frequency in Hz:        FREQ =  1.00000E+09
 Wavelength in m:        LAMBDA =  2.99792E-01
 Amplitude in Vm:        |Im*l| =  3.76730E+02
 Phase in deg.:          ARG(Im*l) =     0.00
 Dipole location in m:   X =  0.00000E+00
                         Y = -1.49896E-01
                         Z =  0.00000E+00
 Orientation of dipole:  THETA =   90.00
                         PHI   =    0.00



                         EXCITATION BY MAGNETIC DIPOLE

 Name:                   MagneticPoint12
 Number of excitation:   N =     27
 Frequency in Hz:        FREQ =  1.00000E+09
 Wavelength in m:        LAMBDA =  2.99792E-01
 Amplitude in Vm:        |Im*l| =  3.76730E+02
 Phase in deg.:          ARG(Im*l) =     0.00
 Dipole location in m:   X = -1.49896E-01
                         Y = -1.49896E-01
                         Z =  0.00000E+00
 Orientation of dipole:  THETA =   90.00
                         PHI   =    0.00



                         EXCITATION BY MAGNETIC DIPOLE

 Name:                   MagneticPoint13
 Number of excitation:   N =     28
 Frequency in Hz:        FREQ =  1.00000E+09
 Wavelength in m:        LAMBDA =  2.99792E-01
 Amplitude in Vm:        |Im*l| =  3.76730E+02
 Phase in deg.:          ARG(Im*l) =     0.00
 Dipole location in m:   X = -1.49896E-01
                         Y = -2.99792E-01
                         Z =  0.00000E+00
 Orientation of dipole:  THETA =   90.00
                         PHI   =    0.00



                         EXCITATION BY MAGNETIC DIPOLE

 Name:                   MagneticPoint14
 Number of excitation:   N =     29
 Frequency in Hz:        FREQ =  1.00000E+09
 Wavelength in m:        LAMBDA =  2.99792E-01
 Amplitude in Vm:        |Im*l| =  3.76730E+02
 Phase in deg.:          ARG(Im*l) =     0.00
 Dipole location in m:   X =  0.00000E+00
                         Y = -2.99792E-01
                         Z =  0.00000E+00
 Orientation of dipole:  THETA =   90.00
                         PHI   =    0.00



                         EXCITATION BY MAGNETIC DIPOLE

 Name:                   MagneticPoint15
 Number of excitation:   N =     30
 Frequency in Hz:        FREQ =  1.00000E+09
 Wavelength in m:        LAMBDA =  2.99792E-01
 Amplitude in Vm:        |Im*l| =  3.76730E+02
 Phase in deg.:          ARG(Im*l) =     0.00
 Dipole location in m:   X =  1.49896E-01
                         Y = -2.99792E-01
                         Z =  0.00000E+00
 Orientation of dipole:  THETA =   90.00
                         PHI   =    0.00



                         DATA FOR THE GREEN'S FUNCTION

                                   free space



                         DATA OF THE VOLTAGE SOURCE NO.     1


                                   Power in Watt: 2.25998E+03


                         DATA OF THE VOLTAGE SOURCE NO.     2


                                   Power in Watt: 6.03040E+03


                         DATA OF THE VOLTAGE SOURCE NO.     3


                                   Power in Watt: 6.03040E+03


                         DATA OF THE VOLTAGE SOURCE NO.     4


                                   Power in Watt: 6.14637E+03


                         DATA OF THE VOLTAGE SOURCE NO.     5


                                   Power in Watt: 2.85026E+03


                         DATA OF THE VOLTAGE SOURCE NO.     6


                                   Power in Watt: 6.14637E+03


                         DATA OF THE VOLTAGE SOURCE NO.     7


                                   Power in Watt: 4.93369E+03


                         DATA OF THE VOLTAGE SOURCE NO.     8


                                   Power in Watt: 2.73882E+03


                         DATA OF THE VOLTAGE SOURCE NO.     9


                                   Power in Watt: 4.93369E+03


                         DATA OF THE VOLTAGE SOURCE NO.    10


                                   Power in Watt: 6.14637E+03


                         DATA OF THE VOLTAGE SOURCE NO.    11


                                   Power in Watt: 2.85026E+03


                         DATA OF THE VOLTAGE SOURCE NO.    12


                                   Power in Watt: 6.14637E+03


                         DATA OF THE VOLTAGE SOURCE NO.    13


                                   Power in Watt: 4.93369E+03


                         DATA OF THE VOLTAGE SOURCE NO.    14


                                   Power in Watt: 2.73882E+03


                         DATA OF THE VOLTAGE SOURCE NO.    15


                                   Power in Watt: 4.93369E+03


                         DATA OF THE VOLTAGE SOURCE NO.    16


                                   Power in Watt: 4.80204E+03


                         DATA OF THE VOLTAGE SOURCE NO.    17


                                   Power in Watt: 5.95442E+03


                         DATA OF THE VOLTAGE SOURCE NO.    18


                                   Power in Watt: 4.80204E+03


                         DATA OF THE VOLTAGE SOURCE NO.    19


                                   Power in Watt: 2.81093E+03


                         DATA OF THE VOLTAGE SOURCE NO.    20


                                   Power in Watt: 3.41471E+03


                         DATA OF THE VOLTAGE SOURCE NO.    21


                                   Power in Watt: 2.81093E+03


                         DATA OF THE VOLTAGE SOURCE NO.    22


                                   Power in Watt: 4.52935E+03


                         DATA OF THE VOLTAGE SOURCE NO.    23


                                   Power in Watt: 5.39615E+03


                         DATA OF THE VOLTAGE SOURCE NO.    24


                                   Power in Watt: 4.52935E+03


                         DATA OF THE VOLTAGE SOURCE NO.    25


                                   Power in Watt: 2.81093E+03


                         DATA OF THE VOLTAGE SOURCE NO.    26


                                   Power in Watt: 3.41471E+03


                         DATA OF THE VOLTAGE SOURCE NO.    27


                                   Power in Watt: 2.81093E+03


                         DATA OF THE VOLTAGE SOURCE NO.    28


                                   Power in Watt: 4.80204E+03


                         DATA OF THE VOLTAGE SOURCE NO.    29


                                   Power in Watt: 5.95442E+03


                         DATA OF THE VOLTAGE SOURCE NO.    30


                                   Power in Watt: 4.80204E+03



                              SUMMARY OF LOSSES

          Metallic elements:                  0.0000E+00 W
          Dielectric (surface equiv. princ.): 0.0000E+00 W
          Dielectric (volume equiv. princ.):  0.0000E+00 W
          Dielectric (FEM region):            0.0000E+00 W
          Mismatch at feed:                   0.0000E+00 W
          Non-radiating networks:             0.0000E+00 W
          Backward power at waveguide ports:  0.0000E+00 W
                                             -------------
                Sum of all losses:            0.0000E+00 W

          Efficiency of the antenna:            100.0000 %
          (based on a total active power:     1.3346E+05 W)


 Far-field request with name: FarField1



      VALUES OF THE SCATTERED ELECTRIC FIELD STRENGTH IN THE FAR FIELD in V
                    Factor e^(-j*BETA*R)/R not considered

          The following offset is in effect for the co-ordinates:
          X= 0.00000E+00 m  Y= 0.00000E+00 m  Z= 0.00000E+00 m

       LOCATION          ETHETA             EPHI              directivity in dB             POLARISATION
   THETA    PHI      magn.    phase     magn.    phase     vert.     horiz.    total     axial r. angle   direction
 -180.00    0.00   1.731E-12  -90.00  7.842E-03   90.00  -999.9999 -111.1436 -111.1436   0.0000   -90.00   LINEAR
 -178.00    0.00   0.000E+00    0.00  5.726E+00   90.00  -999.9999  -53.8749  -53.8749   0.0000   -90.00   LINEAR
 -176.00    0.00   0.000E+00    0.00  2.260E+01   90.00  -999.9999  -41.9500  -41.9500   0.0000   -90.00   LINEAR
 -174.00    0.00   0.000E+00    0.00  4.980E+01   90.00  -999.9999  -35.0879  -35.0879   0.0000   -90.00   LINEAR
 -172.00    0.00   0.000E+00    0.00  8.598E+01   90.00  -999.9999  -30.3446  -30.3446   0.0000   -90.00   LINEAR
 -170.00    0.00   0.000E+00    0.00  1.293E+02   90.00  -999.9999  -26.7978  -26.7978   0.0000   -90.00   LINEAR
 -168.00    0.00   0.000E+00    0.00  1.777E+02   90.00  -999.9999  -24.0385  -24.0385   0.0000   -90.00   LINEAR
 -166.00    0.00   0.000E+00    0.00  2.286E+02   90.00  -999.9999  -21.8505  -21.8505   0.0000   -90.00   LINEAR
 -164.00    0.00   0.000E+00    0.00  2.794E+02   90.00  -999.9999  -20.1073  -20.1073   0.0000   -90.00   LINEAR
 -162.00    0.00   0.000E+00    0.00  3.274E+02   90.00  -999.9999  -18.7305  -18.7305   0.0000   -90.00   LINEAR
 -160.00    0.00   0.000E+00    0.00  3.699E+02   90.00  -999.9999  -17.6704  -17.6704   0.0000   -90.00   LINEAR
 -158.00    0.00   0.000E+00    0.00  4.044E+02   90.00  -999.9999  -16.8966  -16.8966   0.0000   -90.00   LINEAR
 -156.00    0.00   0.000E+00    0.00  4.285E+02   90.00  -999.9999  -16.3931  -16.3931   0.0000   -90.00   LINEAR
 -154.00    0.00   0.000E+00    0.00  4.403E+02   90.00  -999.9999  -16.1571  -16.1571   0.0000   -90.00   LINEAR
 -152.00    0.00   0.000E+00    0.00  4.382E+02   90.00  -999.9999  -16.1994  -16.1994   0.0000   -90.00   LINEAR
 -150.00    0.00   0.000E+00    0.00  4.209E+02   90.00  -999.9999  -16.5486  -16.5486   0.0000   -90.00   LINEAR
 -148.00    0.00   0.000E+00    0.00  3.878E+02   90.00  -999.9999  -17.2607  -17.2607   0.0000   -90.00   LINEAR
 -146.00    0.00   0.000E+00    0.00  3.385E+02   90.00  -999.9999  -18.4412  -18.4412   0.0000   -90.00   LINEAR
 -144.00    0.00   0.000E+00    0.00  2.732E+02   90.00  -999.9999  -20.3014  -20.3014   0.0000   -90.00   LINEAR
 -142.00    0.00   0.000E+00    0.00  1.926E+02   90.00  -999.9999  -23.3398  -23.3398   0.0000   -90.00   LINEAR
 -140.00    0.00   0.000E+00    0.00  9.748E+01   90.00  -999.9999  -29.2535  -29.2535   0.0000   -90.00   LINEAR
 -138.00    0.00   0.000E+00    0.00  1.079E+01  -90.00  -999.9999  -48.3717  -48.3717   0.0000    90.00   LINEAR
 -136.00    0.00   0.000E+00    0.00  1.307E+02  -90.00  -999.9999  -26.7057  -26.7057   0.0000    90.00   LINEAR
 -134.00    0.00   0.000E+00    0.00  2.606E+02  -90.00  -999.9999  -20.7134  -20.7134   0.0000    90.00   LINEAR
 -132.00    0.00   0.000E+00    0.00  3.986E+02  -90.00  -999.9999  -17.0224  -17.0224   0.0000    90.00   LINEAR
 -130.00    0.00   0.000E+00    0.00  5.428E+02  -90.00  -999.9999  -14.3397  -14.3397   0.0000    90.00   LINEAR
 -128.00    0.00   0.000E+00    0.00  6.914E+02  -90.00  -999.9999  -12.2376  -12.2376   0.0000    90.00   LINEAR
 -126.00    0.00   0.000E+00    0.00  8.426E+02  -90.00  -999.9999  -10.5194  -10.5194   0.0000    90.00   LINEAR
 -124.00    0.00   0.000E+00    0.00  9.949E+02  -90.00  -999.9999   -9.0769   -9.0769   0.0000    90.00   LINEAR
 -122.00    0.00   0.000E+00    0.00  1.147E+03  -90.00  -999.9999   -7.8439   -7.8439   0.0000    90.00   LINEAR
 -120.00    0.00   0.000E+00    0.00  1.297E+03  -90.00  -999.9999   -6.7760   -6.7760   0.0000    90.00   LINEAR
 -118.00    0.00   0.000E+00    0.00  1.444E+03  -90.00  -999.9999   -5.8417   -5.8417   0.0000    90.00   LINEAR
 -116.00    0.00   0.000E+00    0.00  1.588E+03  -90.00  -999.9999   -5.0177   -5.0177   0.0000    90.00   LINEAR
 -114.00    0.00   0.000E+00    0.00  1.727E+03  -90.00  -999.9999   -4.2856   -4.2856   0.0000    90.00   LINEAR
 -112.00    0.00   0.000E+00    0.00  1.862E+03  -90.00  -999.9999   -3.6309   -3.6309   0.0000    90.00   LINEAR
 -110.00    0.00   0.000E+00    0.00  1.993E+03  -90.00  -999.9999   -3.0415   -3.0415   0.0000    90.00   LINEAR
 -108.00    0.00   0.000E+00    0.00  2.120E+03  -90.00  -999.9999   -2.5072   -2.5072   0.0000    90.00   LINEAR
 -106.00    0.00   0.000E+00    0.00  2.242E+03  -90.00  -999.9999   -2.0195   -2.0195   0.0000    90.00   LINEAR
 -104.00    0.00   0.000E+00    0.00  2.361E+03  -90.00  -999.9999   -1.5708   -1.5708   0.0000    90.00   LINEAR
 -102.00    0.00   0.000E+00    0.00  2.477E+03  -90.00  -999.9999   -1.1547   -1.1547   0.0000    90.00   LINEAR
 -100.00    0.00   0.000E+00    0.00  2.590E+03  -90.00  -999.9999   -0.7657   -0.7657   0.0000    90.00   LINEAR
  -98.00    0.00   0.000E+00    0.00  2.702E+03  -90.00  -999.9999   -0.3990   -0.3990   0.0000    90.00   LINEAR
  -96.00    0.00   0.000E+00    0.00  2.812E+03  -90.00  -999.9999   -0.0507   -0.0507   0.0000    90.00   LINEAR
  -94.00    0.00   0.000E+00    0.00  2.922E+03  -90.00  -999.9999    0.2823    0.2823   0.0000    90.00   LINEAR
  -92.00    0.00   0.000E+00    0.00  3.032E+03  -90.00  -999.9999    0.6023    0.6023   0.0000    90.00   LINEAR
  -90.00    0.00   0.000E+00    0.00  3.142E+03  -90.00  -999.9999    0.9108    0.9108   0.0000    90.00   LINEAR
  -88.00    0.00   0.000E+00    0.00  3.251E+03  -90.00  -999.9999    1.2088    1.2088   0.0000    90.00   LINEAR
  -86.00    0.00   0.000E+00    0.00  3.361E+03  -90.00  -999.9999    1.4960    1.4960   0.0000    90.00   LINEAR
  -84.00    0.00   0.000E+00    0.00  3.469E+03  -90.00  -999.9999    1.7718    1.7718   0.0000    90.00   LINEAR
  -82.00    0.00   0.000E+00    0.00  3.575E+03  -90.00  -999.9999    2.0345    2.0345   0.0000    90.00   LINEAR
  -80.00    0.00   0.000E+00    0.00  3.679E+03  -90.00  -999.9999    2.2818    2.2818   0.0000    90.00   LINEAR
  -78.00    0.00   0.000E+00    0.00  3.777E+03  -90.00  -999.9999    2.5105    2.5105   0.0000    90.00   LINEAR
  -76.00    0.00   0.000E+00    0.00  3.868E+03  -90.00  -999.9999    2.7168    2.7168   0.0000    90.00   LINEAR
  -74.00    0.00   0.000E+00    0.00  3.948E+03  -90.00  -999.9999    2.8959    2.8959   0.0000    90.00   LINEAR
  -72.00    0.00   0.000E+00    0.00  4.015E+03  -90.00  -999.9999    3.0423    3.0423   0.0000    90.00   LINEAR
  -70.00    0.00   0.000E+00    0.00  4.065E+03  -90.00  -999.9999    3.1495    3.1495   0.0000    90.00   LINEAR
  -68.00    0.00   0.000E+00    0.00  4.093E+03  -90.00  -999.9999    3.2096    3.2096   0.0000    90.00   LINEAR
  -66.00    0.00   0.000E+00    0.00  4.095E+03  -90.00  -999.9999    3.2137    3.2137   0.0000    90.00   LINEAR
  -64.00    0.00   0.000E+00    0.00  4.066E+03  -90.00  -999.9999    3.1507    3.1507   0.0000    90.00   LINEAR
  -62.00    0.00   0.000E+00    0.00  3.999E+03  -90.00  -999.9999    3.0073    3.0073   0.0000    90.00   LINEAR
  -60.00    0.00   0.000E+00    0.00  3.890E+03  -90.00  -999.9999    2.7664    2.7664   0.0000    90.00   LINEAR
  -58.00    0.00   0.000E+00    0.00  3.732E+03  -90.00  -999.9999    2.4060    2.4060   0.0000    90.00   LINEAR
  -56.00    0.00   0.000E+00    0.00  3.519E+03  -90.00  -999.9999    1.8961    1.8961   0.0000    90.00   LINEAR
  -54.00    0.00   0.000E+00    0.00  3.246E+03  -90.00  -999.9999    1.1940    1.1940   0.0000    90.00   LINEAR
  -52.00    0.00   0.000E+00    0.00  2.906E+03  -90.00  -999.9999    0.2351    0.2351   0.0000    90.00   LINEAR
  -50.00    0.00   0.000E+00    0.00  2.496E+03  -90.00  -999.9999   -1.0866   -1.0866   0.0000    90.00   LINEAR
  -48.00    0.00   0.000E+00    0.00  2.011E+03  -90.00  -999.9999   -2.9657   -2.9657   0.0000    90.00   LINEAR
  -46.00    0.00   0.000E+00    0.00  1.446E+03  -90.00  -999.9999   -5.8275   -5.8275   0.0000    90.00   LINEAR
  -44.00    0.00   0.000E+00    0.00  8.008E+02  -90.00  -999.9999  -10.9621  -10.9621   0.0000    90.00   LINEAR
  -42.00    0.00   0.000E+00    0.00  7.323E+01  -90.00  -999.9999  -31.7388  -31.7388   0.0000    90.00   LINEAR
  -40.00    0.00   0.000E+00    0.00  7.359E+02   90.00  -999.9999  -11.6962  -11.6962   0.0000   -90.00   LINEAR
  -38.00    0.00   0.000E+00    0.00  1.624E+03   90.00  -999.9999   -4.8187   -4.8187   0.0000   -90.00   LINEAR
  -36.00    0.00   0.000E+00    0.00  2.588E+03   90.00  -999.9999   -0.7725   -0.7725   0.0000   -90.00   LINEAR
  -34.00    0.00   0.000E+00    0.00  3.621E+03   90.00  -999.9999    2.1452    2.1452   0.0000   -90.00   LINEAR
  -32.00    0.00   0.000E+00    0.00  4.716E+03   90.00  -999.9999    4.4394    4.4394   0.0000   -90.00   LINEAR
  -30.00    0.00   0.000E+00    0.00  5.862E+03   90.00  -999.9999    6.3292    6.3292   0.0000   -90.00   LINEAR
  -28.00    0.00   0.000E+00    0.00  7.048E+03   90.00  -999.9999    7.9297    7.9297   0.0000   -90.00   LINEAR
  -26.00    0.00   0.000E+00    0.00  8.261E+03   90.00  -999.9999    9.3082    9.3082   0.0000   -90.00   LINEAR
  -24.00    0.00   0.000E+00    0.00  9.484E+03   90.00  -999.9999   10.5078   10.5078   0.0000   -90.00   LINEAR
  -22.00    0.00   0.000E+00    0.00  1.070E+04   90.00  -999.9999   11.5572   11.5572   0.0000   -90.00   LINEAR
  -20.00    0.00   0.000E+00    0.00  1.190E+04   90.00  -999.9999   12.4767   12.4767   0.0000   -90.00   LINEAR
  -18.00    0.00   0.000E+00    0.00  1.305E+04   90.00  -999.9999   13.2809   13.2809   0.0000   -90.00   LINEAR
  -16.00    0.00   0.000E+00    0.00  1.415E+04   90.00  -999.9999   13.9804   13.9804   0.0000   -90.00   LINEAR
  -14.00    0.00   0.000E+00    0.00  1.516E+04   90.00  -999.9999   14.5835   14.5835   0.0000   -90.00   LINEAR
  -12.00    0.00   0.000E+00    0.00  1.609E+04   90.00  -999.9999   15.0964   15.0964   0.0000   -90.00   LINEAR
  -10.00    0.00   0.000E+00    0.00  1.690E+04   90.00  -999.9999   15.5236   15.5236   0.0000   -90.00   LINEAR
   -8.00    0.00   0.000E+00    0.00  1.758E+04   90.00  -999.9999   15.8689   15.8689   0.0000   -90.00   LINEAR
   -6.00    0.00   0.000E+00    0.00  1.813E+04   90.00  -999.9999   16.1350   16.1350   0.0000   -90.00   LINEAR
   -4.00    0.00   0.000E+00    0.00  1.853E+04   90.00  -999.9999   16.3237   16.3237   0.0000   -90.00   LINEAR
   -2.00    0.00   0.000E+00    0.00  1.877E+04   90.00  -999.9999   16.4364   16.4364   0.0000   -90.00   LINEAR
    0.00    0.00   0.000E+00    0.00  1.885E+04   90.00  -999.9999   16.4739   16.4739   0.0000   -90.00   LINEAR
    2.00    0.00   0.000E+00    0.00  1.877E+04   90.00  -999.9999   16.4364   16.4364   0.0000   -90.00   LINEAR
    4.00    0.00   0.000E+00    0.00  1.853E+04   90.00  -999.9999   16.3237   16.3237   0.0000   -90.00   LINEAR
    6.00    0.00   0.000E+00    0.00  1.813E+04   90.00  -999.9999   16.1350   16.1350   0.0000   -90.00   LINEAR
    8.00    0.00   0.000E+00    0.00  1.758E+04   90.00  -999.9999   15.8689   15.8689   0.0000   -90.00   LINEAR
   10.00    0.00   0.000E+00    0.00  1.690E+04   90.00  -999.9999   15.5236   15.5236   0.0000   -90.00   LINEAR
   12.00    0.00   0.000E+00    0.00  1.609E+04   90.00  -999.9999   15.0964   15.0964   0.0000   -90.00   LINEAR
   14.00    0.00   0.000E+00    0.00  1.516E+04   90.00  -999.9999   14.5835   14.5835   0.0000   -90.00   LINEAR
   16.00    0.00   0.000E+00    0.00  1.415E+04   90.00  -999.9999   13.9804   13.9804   0.0000   -90.00   LINEAR
   18.00    0.00   0.000E+00    0.00  1.305E+04   90.00  -999.9999   13.2809   13.2809   0.0000   -90.00   LINEAR
   20.00    0.00   0.000E+00    0.00  1.190E+04   90.00  -999.9999   12.4767   12.4767   0.0000   -90.00   LINEAR
   22.00    0.00   0.000E+00    0.00  1.070E+04   90.00  -999.9999   11.5572   11.5572   0.0000   -90.00   LINEAR
   24.00    0.00   0.000E+00    0.00  9.484E+03   90.00  -999.9999   10.5078   10.5078   0.0000   -90.00   LINEAR
   26.00    0.00   0.000E+00    0.00  8.261E+03   90.00  -999.9999    9.3082    9.3082   0.0000   -90.00   LINEAR
   28.00    0.00   0.000E+00    0.00  7.048E+03   90.00  -999.9999    7.9297    7.9297   0.0000   -90.00   LINEAR
   30.00    0.00   0.000E+00    0.00  5.862E+03   90.00  -999.9999    6.3292    6.3292   0.0000   -90.00   LINEAR
   32.00    0.00   0.000E+00    0.00  4.716E+03   90.00  -999.9999    4.4394    4.4394   0.0000   -90.00   LINEAR
   34.00    0.00   0.000E+00    0.00  3.621E+03   90.00  -999.9999    2.1452    2.1452   0.0000   -90.00   LINEAR
   36.00    0.00   0.000E+00    0.00  2.588E+03   90.00  -999.9999   -0.7725   -0.7725   0.0000   -90.00   LINEAR
   38.00    0.00   0.000E+00    0.00  1.624E+03   90.00  -999.9999   -4.8187   -4.8187   0.0000   -90.00   LINEAR
   40.00    0.00   0.000E+00    0.00  7.359E+02   90.00  -999.9999  -11.6962  -11.6962   0.0000   -90.00   LINEAR
   42.00    0.00   0.000E+00    0.00  7.323E+01  -90.00  -999.9999  -31.7388  -31.7388   0.0000    90.00   LINEAR
   44.00    0.00   0.000E+00    0.00  8.008E+02  -90.00  -999.9999  -10.9621  -10.9621   0.0000    90.00   LINEAR
   46.00    0.00   0.000E+00    0.00  1.446E+03  -90.00  -999.9999   -5.8275   -5.8275   0.0000    90.00   LINEAR
   48.00    0.00   0.000E+00    0.00  2.011E+03  -90.00  -999.9999   -2.9657   -2.9657   0.0000    90.00   LINEAR
   50.00    0.00   0.000E+00    0.00  2.496E+03  -90.00  -999.9999   -1.0866   -1.0866   0.0000    90.00   LINEAR
   52.00    0.00   0.000E+00    0.00  2.906E+03  -90.00  -999.9999    0.2351    0.2351   0.0000    90.00   LINEAR
   54.00    0.00   0.000E+00    0.00  3.246E+03  -90.00  -999.9999    1.1940    1.1940   0.0000    90.00   LINEAR
   56.00    0.00   0.000E+00    0.00  3.519E+03  -90.00  -999.9999    1.8961    1.8961   0.0000    90.00   LINEAR
   58.00    0.00   0.000E+00    0.00  3.732E+03  -90.00  -999.9999    2.4060    2.4060   0.0000    90.00   LINEAR
   60.00    0.00   0.000E+00    0.00  3.890E+03  -90.00  -999.9999    2.7664    2.7664   0.0000    90.00   LINEAR
   62.00    0.00   0.000E+00    0.00  3.999E+03  -90.00  -999.9999    3.0073    3.0073   0.0000    90.00   LINEAR
   64.00    0.00   0.000E+00    0.00  4.066E+03  -90.00  -999.9999    3.1507    3.1507   0.0000    90.00   LINEAR
   66.00    0.00   0.000E+00    0.00  4.095E+03  -90.00  -999.9999    3.2137    3.2137   0.0000    90.00   LINEAR
   68.00    0.00   0.000E+00    0.00  4.093E+03  -90.00  -999.9999    3.2096    3.2096   0.0000    90.00   LINEAR
   70.00    0.00   0.000E+00    0.00  4.065E+03  -90.00  -999.9999    3.1495    3.1495   0.0000    90.00   LINEAR
   72.00    0.00   0.000E+00    0.00  4.015E+03  -90.00  -999.9999    3.0423    3.0423   0.0000    90.00   LINEAR
   74.00    0.00   0.000E+00    0.00  3.948E+03  -90.00  -999.9999    2.8959    2.8959   0.0000    90.00   LINEAR
   76.00    0.00   0.000E+00    0.00  3.868E+03  -90.00  -999.9999    2.7168    2.7168   0.0000    90.00   LINEAR
   78.00    0.00   0.000E+00    0.00  3.777E+03  -90.00  -999.9999    2.5105    2.5105   0.0000    90.00   LINEAR
   80.00    0.00   0.000E+00    0.00  3.679E+03  -90.00  -999.9999    2.2818    2.2818   0.0000    90.00   LINEAR
   82.00    0.00   0.000E+00    0.00  3.575E+03  -90.00  -999.9999    2.0345    2.0345   0.0000    90.00   LINEAR
   84.00    0.00   0.000E+00    0.00  3.469E+03  -90.00  -999.9999    1.7718    1.7718   0.0000    90.00   LINEAR
   86.00    0.00   0.000E+00    0.00  3.361E+03  -90.00  -999.9999    1.4960    1.4960   0.0000    90.00   LINEAR
   88.00    0.00   0.000E+00    0.00  3.251E+03  -90.00  -999.9999    1.2088    1.2088   0.0000    90.00   LINEAR
   90.00    0.00   0.000E+00    0.00  3.142E+03  -90.00  -999.9999    0.9108    0.9108   0.0000    90.00   LINEAR
   92.00    0.00   0.000E+00    0.00  3.032E+03  -90.00  -999.9999    0.6023    0.6023   0.0000    90.00   LINEAR
   94.00    0.00   0.000E+00    0.00  2.922E+03  -90.00  -999.9999    0.2823    0.2823   0.0000    90.00   LINEAR
   96.00    0.00   0.000E+00    0.00  2.812E+03  -90.00  -999.9999   -0.0507   -0.0507   0.0000    90.00   LINEAR
   98.00    0.00   0.000E+00    0.00  2.702E+03  -90.00  -999.9999   -0.3990   -0.3990   0.0000    90.00   LINEAR
  100.00    0.00   0.000E+00    0.00  2.590E+03  -90.00  -999.9999   -0.7657   -0.7657   0.0000    90.00   LINEAR
  102.00    0.00   0.000E+00    0.00  2.477E+03  -90.00  -999.9999   -1.1547   -1.1547   0.0000    90.00   LINEAR
  104.00    0.00   0.000E+00    0.00  2.361E+03  -90.00  -999.9999   -1.5708   -1.5708   0.0000    90.00   LINEAR
  106.00    0.00   0.000E+00    0.00  2.242E+03  -90.00  -999.9999   -2.0195   -2.0195   0.0000    90.00   LINEAR
  108.00    0.00   0.000E+00    0.00  2.120E+03  -90.00  -999.9999   -2.5072   -2.5072   0.0000    90.00   LINEAR
  110.00    0.00   0.000E+00    0.00  1.993E+03  -90.00  -999.9999   -3.0415   -3.0415   0.0000    90.00   LINEAR
  112.00    0.00   0.000E+00    0.00  1.862E+03  -90.00  -999.9999   -3.6309   -3.6309   0.0000    90.00   LINEAR
  114.00    0.00   0.000E+00    0.00  1.727E+03  -90.00  -999.9999   -4.2856   -4.2856   0.0000    90.00   LINEAR
  116.00    0.00   0.000E+00    0.00  1.588E+03  -90.00  -999.9999   -5.0177   -5.0177   0.0000    90.00   LINEAR
  118.00    0.00   0.000E+00    0.00  1.444E+03  -90.00  -999.9999   -5.8417   -5.8417   0.0000    90.00   LINEAR
  120.00    0.00   0.000E+00    0.00  1.297E+03  -90.00  -999.9999   -6.7760   -6.7760   0.0000    90.00   LINEAR
  122.00    0.00   0.000E+00    0.00  1.147E+03  -90.00  -999.9999   -7.8439   -7.8439   0.0000    90.00   LINEAR
  124.00    0.00   0.000E+00    0.00  9.949E+02  -90.00  -999.9999   -9.0769   -9.0769   0.0000    90.00   LINEAR
  126.00    0.00   0.000E+00    0.00  8.426E+02  -90.00  -999.9999  -10.5194  -10.5194   0.0000    90.00   LINEAR
  128.00    0.00   0.000E+00    0.00  6.914E+02  -90.00  -999.9999  -12.2376  -12.2376   0.0000    90.00   LINEAR
  130.00    0.00   0.000E+00    0.00  5.428E+02  -90.00  -999.9999  -14.3397  -14.3397   0.0000    90.00   LINEAR
  132.00    0.00   0.000E+00    0.00  3.986E+02  -90.00  -999.9999  -17.0224  -17.0224   0.0000    90.00   LINEAR
  134.00    0.00   0.000E+00    0.00  2.606E+02  -90.00  -999.9999  -20.7134  -20.7134   0.0000    90.00   LINEAR
  136.00    0.00   0.000E+00    0.00  1.307E+02  -90.00  -999.9999  -26.7057  -26.7057   0.0000    90.00   LINEAR
  138.00    0.00   0.000E+00    0.00  1.079E+01  -90.00  -999.9999  -48.3717  -48.3717   0.0000    90.00   LINEAR
  140.00    0.00   0.000E+00    0.00  9.748E+01   90.00  -999.9999  -29.2535  -29.2535   0.0000   -90.00   LINEAR
  142.00    0.00   0.000E+00    0.00  1.926E+02   90.00  -999.9999  -23.3398  -23.3398   0.0000   -90.00   LINEAR
  144.00    0.00   0.000E+00    0.00  2.732E+02   90.00  -999.9999  -20.3014  -20.3014   0.0000   -90.00   LINEAR
  146.00    0.00   0.000E+00    0.00  3.385E+02   90.00  -999.9999  -18.4412  -18.4412   0.0000   -90.00   LINEAR
  148.00    0.00   0.000E+00    0.00  3.878E+02   90.00  -999.9999  -17.2607  -17.2607   0.0000   -90.00   LINEAR
  150.00    0.00   0.000E+00    0.00  4.209E+02   90.00  -999.9999  -16.5486  -16.5486   0.0000   -90.00   LINEAR
  152.00    0.00   0.000E+00    0.00  4.382E+02   90.00  -999.9999  -16.1994  -16.1994   0.0000   -90.00   LINEAR
  154.00    0.00   0.000E+00    0.00  4.403E+02   90.00  -999.9999  -16.1571  -16.1571   0.0000   -90.00   LINEAR
  156.00    0.00   0.000E+00    0.00  4.285E+02   90.00  -999.9999  -16.3931  -16.3931   0.0000   -90.00   LINEAR
  158.00    0.00   0.000E+00    0.00  4.044E+02   90.00  -999.9999  -16.8966  -16.8966   0.0000   -90.00   LINEAR
  160.00    0.00   0.000E+00    0.00  3.699E+02   90.00  -999.9999  -17.6704  -17.6704   0.0000   -90.00   LINEAR
  162.00    0.00   0.000E+00    0.00  3.274E+02   90.00  -999.9999  -18.7305  -18.7305   0.0000   -90.00   LINEAR
  164.00    0.00   0.000E+00    0.00  2.794E+02   90.00  -999.9999  -20.1073  -20.1073   0.0000   -90.00   LINEAR
  166.00    0.00   0.000E+00    0.00  2.286E+02   90.00  -999.9999  -21.8505  -21.8505   0.0000   -90.00   LINEAR
  168.00    0.00   0.000E+00    0.00  1.777E+02   90.00  -999.9999  -24.0385  -24.0385   0.0000   -90.00   LINEAR
  170.00    0.00   0.000E+00    0.00  1.293E+02   90.00  -999.9999  -26.7978  -26.7978   0.0000   -90.00   LINEAR
  172.00    0.00   0.000E+00    0.00  8.598E+01   90.00  -999.9999  -30.3446  -30.3446   0.0000   -90.00   LINEAR
  174.00    0.00   0.000E+00    0.00  4.980E+01   90.00  -999.9999  -35.0879  -35.0879   0.0000   -90.00   LINEAR
  176.00    0.00   0.000E+00    0.00  2.260E+01   90.00  -999.9999  -41.9500  -41.9500   0.0000   -90.00   LINEAR
  178.00    0.00   0.000E+00    0.00  5.726E+00   90.00  -999.9999  -53.8749  -53.8749   0.0000   -90.00   LINEAR
  180.00    0.00   1.731E-12  -90.00  7.842E-03   90.00  -999.9999 -111.1436 -111.1436   0.0000   -90.00   LINEAR
 -180.00   90.00   7.842E-03  -90.00  1.731E-12  -90.00  -111.1436 -999.9999 -111.1436   0.0000     0.00   LINEAR
 -178.00   90.00   5.665E+00   90.00  0.000E+00    0.00   -53.9685 -999.9999  -53.9685   0.0000   180.00   LINEAR
 -176.00   90.00   2.186E+01   90.00  0.000E+00    0.00   -42.2379 -999.9999  -42.2379   0.0000   180.00   LINEAR
 -174.00   90.00   4.622E+01   90.00  0.000E+00    0.00   -35.7350 -999.9999  -35.7350   0.0000   180.00   LINEAR
 -172.00   90.00   7.511E+01   90.00  0.000E+00    0.00   -31.5185 -999.9999  -31.5185   0.0000   180.00   LINEAR
 -170.00   90.00   1.040E+02   90.00  0.000E+00    0.00   -28.6894 -999.9999  -28.6894   0.0000   180.00   LINEAR
 -168.00   90.00   1.281E+02   90.00  0.000E+00    0.00   -26.8783 -999.9999  -26.8783   0.0000   180.00   LINEAR
 -166.00   90.00   1.428E+02   90.00  0.000E+00    0.00   -25.9354 -999.9999  -25.9354   0.0000   180.00   LINEAR
 -164.00   90.00   1.442E+02   90.00  0.000E+00    0.00   -25.8518 -999.9999  -25.8518   0.0000   180.00   LINEAR
 -162.00   90.00   1.296E+02   90.00  0.000E+00    0.00   -26.7818 -999.9999  -26.7818   0.0000   180.00   LINEAR
 -160.00   90.00   9.769E+01   90.00  0.000E+00    0.00   -29.2352 -999.9999  -29.2352   0.0000   180.00   LINEAR
 -158.00   90.00   4.899E+01   90.00  0.000E+00    0.00   -35.2297 -999.9999  -35.2297   0.0000   180.00   LINEAR
 -156.00   90.00   1.445E+01  -90.00  0.000E+00    0.00   -45.8341 -999.9999  -45.8341   0.0000     0.00   LINEAR
 -154.00   90.00   8.911E+01  -90.00  0.000E+00    0.00   -30.0338 -999.9999  -30.0338   0.0000     0.00   LINEAR
 -152.00   90.00   1.703E+02  -90.00  0.000E+00    0.00   -24.4086 -999.9999  -24.4086   0.0000     0.00   LINEAR
 -150.00   90.00   2.525E+02  -90.00  0.000E+00    0.00   -20.9858 -999.9999  -20.9858   0.0000     0.00   LINEAR
 -148.00   90.00   3.301E+02  -90.00  0.000E+00    0.00   -18.6594 -999.9999  -18.6594   0.0000     0.00   LINEAR
 -146.00   90.00   3.974E+02  -90.00  0.000E+00    0.00   -17.0486 -999.9999  -17.0486   0.0000     0.00   LINEAR
 -144.00   90.00   4.493E+02  -90.00  0.000E+00    0.00   -15.9819 -999.9999  -15.9819   0.0000     0.00   LINEAR
 -142.00   90.00   4.817E+02  -90.00  0.000E+00    0.00   -15.3762 -999.9999  -15.3762   0.0000     0.00   LINEAR
 -140.00   90.00   4.917E+02  -90.00  0.000E+00    0.00   -15.1977 -999.9999  -15.1977   0.0000     0.00   LINEAR
 -138.00   90.00   4.776E+02  -90.00  0.000E+00    0.00   -15.4509 -999.9999  -15.4509   0.0000     0.00   LINEAR
 -136.00   90.00   4.390E+02  -90.00  0.000E+00    0.00   -16.1833 -999.9999  -16.1833   0.0000     0.00   LINEAR
 -134.00   90.00   3.767E+02  -90.00  0.000E+00    0.00   -17.5114 -999.9999  -17.5114   0.0000     0.00   LINEAR
 -132.00   90.00   2.929E+02  -90.00  0.000E+00    0.00   -19.6992 -999.9999  -19.6992   0.0000     0.00   LINEAR
 -130.00   90.00   1.901E+02  -90.00  0.000E+00    0.00   -23.4503 -999.9999  -23.4503   0.0000     0.00   LINEAR
 -128.00   90.00   7.208E+01  -90.00  0.000E+00    0.00   -31.8755 -999.9999  -31.8755   0.0000     0.00   LINEAR
 -126.00   90.00   5.754E+01   90.00  0.000E+00    0.00   -33.8322 -999.9999  -33.8322   0.0000   180.00   LINEAR
 -124.00   90.00   1.948E+02   90.00  0.000E+00    0.00   -23.2389 -999.9999  -23.2389   0.0000   180.00   LINEAR
 -122.00   90.00   3.360E+02   90.00  0.000E+00    0.00   -18.5049 -999.9999  -18.5049   0.0000   180.00   LINEAR
 -120.00   90.00   4.777E+02   90.00  0.000E+00    0.00   -15.4499 -999.9999  -15.4499   0.0000   180.00   LINEAR
 -118.00   90.00   6.168E+02   90.00  0.000E+00    0.00   -13.2299 -999.9999  -13.2299   0.0000   180.00   LINEAR
 -116.00   90.00   7.509E+02   90.00  0.000E+00    0.00   -11.5204 -999.9999  -11.5204   0.0000   180.00   LINEAR
 -114.00   90.00   8.783E+02   90.00  0.000E+00    0.00   -10.1592 -999.9999  -10.1592   0.0000   180.00   LINEAR
 -112.00   90.00   9.978E+02   90.00  0.000E+00    0.00    -9.0516 -999.9999   -9.0516   0.0000   180.00   LINEAR
 -110.00   90.00   1.109E+03   90.00  0.000E+00    0.00    -8.1360 -999.9999   -8.1360   0.0000   180.00   LINEAR
 -108.00   90.00   1.211E+03   90.00  0.000E+00    0.00    -7.3693 -999.9999   -7.3693   0.0000   180.00   LINEAR
 -106.00   90.00   1.305E+03   90.00  0.000E+00    0.00    -6.7193 -999.9999   -6.7193   0.0000   180.00   LINEAR
 -104.00   90.00   1.392E+03   90.00  0.000E+00    0.00    -6.1610 -999.9999   -6.1610   0.0000   180.00   LINEAR
 -102.00   90.00   1.472E+03   90.00  0.000E+00    0.00    -5.6741 -999.9999   -5.6741   0.0000   180.00   LINEAR
 -100.00   90.00   1.547E+03   90.00  0.000E+00    0.00    -5.2424 -999.9999   -5.2424   0.0000   180.00   LINEAR
  -98.00   90.00   1.618E+03   90.00  0.000E+00    0.00    -4.8522 -999.9999   -4.8522   0.0000   180.00   LINEAR
  -96.00   90.00   1.686E+03   90.00  0.000E+00    0.00    -4.4928 -999.9999   -4.4928   0.0000   180.00   LINEAR
  -94.00   90.00   1.753E+03   90.00  0.000E+00    0.00    -4.1557 -999.9999   -4.1557   0.0000   180.00   LINEAR
  -92.00   90.00   1.819E+03   90.00  0.000E+00    0.00    -3.8348 -999.9999   -3.8348   0.0000   180.00   LINEAR
  -90.00   90.00   1.885E+03   90.00  0.000E+00    0.00    -3.5261 -999.9999   -3.5261   0.0000   180.00   LINEAR
  -88.00   90.00   1.951E+03   90.00  0.000E+00    0.00    -3.2283 -999.9999   -3.2283   0.0000   180.00   LINEAR
  -86.00   90.00   2.016E+03   90.00  0.000E+00    0.00    -2.9420 -999.9999   -2.9420   0.0000   180.00   LINEAR
  -84.00   90.00   2.080E+03   90.00  0.000E+00    0.00    -2.6703 -999.9999   -2.6703   0.0000   180.00   LINEAR
  -82.00   90.00   2.141E+03   90.00  0.000E+00    0.00    -2.4187 -999.9999   -2.4187   0.0000   180.00   LINEAR
  -80.00   90.00   2.197E+03   90.00  0.000E+00    0.00    -2.1949 -999.9999   -2.1949   0.0000   180.00   LINEAR
  -78.00   90.00   2.245E+03   90.00  0.000E+00    0.00    -2.0089 -999.9999   -2.0089   0.0000   180.00   LINEAR
  -76.00   90.00   2.280E+03   90.00  0.000E+00    0.00    -1.8734 -999.9999   -1.8734   0.0000   180.00   LINEAR
  -74.00   90.00   2.298E+03   90.00  0.000E+00    0.00    -1.8039 -999.9999   -1.8039   0.0000   180.00   LINEAR
  -72.00   90.00   2.294E+03   90.00  0.000E+00    0.00    -1.8198 -999.9999   -1.8198   0.0000   180.00   LINEAR
  -70.00   90.00   2.261E+03   90.00  0.000E+00    0.00    -1.9451 -999.9999   -1.9451   0.0000   180.00   LINEAR
  -68.00   90.00   2.193E+03   90.00  0.000E+00    0.00    -2.2110 -999.9999   -2.2110   0.0000   180.00   LINEAR
  -66.00   90.00   2.083E+03   90.00  0.000E+00    0.00    -2.6599 -999.9999   -2.6599   0.0000   180.00   LINEAR
  -64.00   90.00   1.923E+03   90.00  0.000E+00    0.00    -3.3519 -999.9999   -3.3519   0.0000   180.00   LINEAR
  -62.00   90.00   1.708E+03   90.00  0.000E+00    0.00    -4.3808 -999.9999   -4.3808   0.0000   180.00   LINEAR
  -60.00   90.00   1.433E+03   90.00  0.000E+00    0.00    -5.9075 -999.9999   -5.9075   0.0000   180.00   LINEAR
  -58.00   90.00   1.094E+03   90.00  0.000E+00    0.00    -8.2550 -999.9999   -8.2550   0.0000   180.00   LINEAR
  -56.00   90.00   6.891E+02   90.00  0.000E+00    0.00   -12.2659 -999.9999  -12.2659   0.0000   180.00   LINEAR
  -54.00   90.00   2.216E+02   90.00  0.000E+00    0.00   -22.1189 -999.9999  -22.1189   0.0000   180.00   LINEAR
  -52.00   90.00   3.030E+02  -90.00  0.000E+00    0.00   -19.4027 -999.9999  -19.4027   0.0000     0.00   LINEAR
  -50.00   90.00   8.745E+02  -90.00  0.000E+00    0.00   -10.1972 -999.9999  -10.1972   0.0000     0.00   LINEAR
  -48.00   90.00   1.477E+03  -90.00  0.000E+00    0.00    -5.6425 -999.9999   -5.6425   0.0000     0.00   LINEAR
  -46.00   90.00   2.091E+03  -90.00  0.000E+00    0.00    -2.6254 -999.9999   -2.6254   0.0000     0.00   LINEAR
  -44.00   90.00   2.689E+03  -90.00  0.000E+00    0.00    -0.4397 -999.9999   -0.4397   0.0000     0.00   LINEAR
  -42.00   90.00   3.241E+03  -90.00  0.000E+00    0.00     1.1820 -999.9999    1.1820   0.0000     0.00   LINEAR
  -40.00   90.00   3.712E+03  -90.00  0.000E+00    0.00     2.3597 -999.9999    2.3597   0.0000     0.00   LINEAR
  -38.00   90.00   4.063E+03  -90.00  0.000E+00    0.00     3.1450 -999.9999    3.1450   0.0000     0.00   LINEAR
  -36.00   90.00   4.256E+03  -90.00  0.000E+00    0.00     3.5471 -999.9999    3.5471   0.0000     0.00   LINEAR
  -34.00   90.00   4.251E+03  -90.00  0.000E+00    0.00     3.5379 -999.9999    3.5379   0.0000     0.00   LINEAR
  -32.00   90.00   4.015E+03  -90.00  0.000E+00    0.00     3.0407 -999.9999    3.0407   0.0000     0.00   LINEAR
  -30.00   90.00   3.517E+03  -90.00  0.000E+00    0.00     1.8922 -999.9999    1.8922   0.0000     0.00   LINEAR
  -28.00   90.00   2.739E+03  -90.00  0.000E+00    0.00    -0.2794 -999.9999   -0.2794   0.0000     0.00   LINEAR
  -26.00   90.00   1.672E+03  -90.00  0.000E+00    0.00    -4.5683 -999.9999   -4.5683   0.0000     0.00   LINEAR
  -24.00   90.00   3.199E+02  -90.00  0.000E+00    0.00   -18.9330 -999.9999  -18.9330   0.0000     0.00   LINEAR
  -22.00   90.00   1.297E+03   90.00  0.000E+00    0.00    -6.7757 -999.9999   -6.7757   0.0000   180.00   LINEAR
  -20.00   90.00   3.142E+03   90.00  0.000E+00    0.00     0.9122 -999.9999    0.9122   0.0000   180.00   LINEAR
  -18.00   90.00   5.165E+03   90.00  0.000E+00    0.00     5.2299 -999.9999    5.2299   0.0000   180.00   LINEAR
  -16.00   90.00   7.302E+03   90.00  0.000E+00    0.00     8.2363 -999.9999    8.2363   0.0000   180.00   LINEAR
  -14.00   90.00   9.475E+03   90.00  0.000E+00    0.00    10.4991 -999.9999   10.4991   0.0000   180.00   LINEAR
  -12.00   90.00   1.160E+04   90.00  0.000E+00    0.00    12.2573 -999.9999   12.2573   0.0000   180.00   LINEAR
  -10.00   90.00   1.359E+04   90.00  0.000E+00    0.00    13.6330 -999.9999   13.6330   0.0000   180.00   LINEAR
   -8.00   90.00   1.536E+04   90.00  0.000E+00    0.00    14.6965 -999.9999   14.6965   0.0000   180.00   LINEAR
   -6.00   90.00   1.683E+04   90.00  0.000E+00    0.00    15.4905 -999.9999   15.4905   0.0000   180.00   LINEAR
   -4.00   90.00   1.793E+04   90.00  0.000E+00    0.00    16.0417 -999.9999   16.0417   0.0000   180.00   LINEAR
   -2.00   90.00   1.862E+04   90.00  0.000E+00    0.00    16.3665 -999.9999   16.3665   0.0000   180.00   LINEAR
    0.00   90.00   1.885E+04   90.00  0.000E+00    0.00    16.4739 -999.9999   16.4739   0.0000   180.00   LINEAR
    2.00   90.00   1.862E+04   90.00  0.000E+00    0.00    16.3665 -999.9999   16.3665   0.0000   180.00   LINEAR
    4.00   90.00   1.793E+04   90.00  0.000E+00    0.00    16.0417 -999.9999   16.0417   0.0000   180.00   LINEAR
    6.00   90.00   1.683E+04   90.00  0.000E+00    0.00    15.4905 -999.9999   15.4905   0.0000   180.00   LINEAR
    8.00   90.00   1.536E+04   90.00  0.000E+00    0.00    14.6965 -999.9999   14.6965   0.0000   180.00   LINEAR
   10.00   90.00   1.359E+04   90.00  0.000E+00    0.00    13.6330 -999.9999   13.6330   0.0000   180.00   LINEAR
   12.00   90.00   1.160E+04   90.00  0.000E+00    0.00    12.2573 -999.9999   12.2573   0.0000   180.00   LINEAR
   14.00   90.00   9.475E+03   90.00  0.000E+00    0.00    10.4991 -999.9999   10.4991   0.0000   180.00   LINEAR
   16.00   90.00   7.302E+03   90.00  0.000E+00    0.00     8.2363 -999.9999    8.2363   0.0000   180.00   LINEAR
   18.00   90.00   5.165E+03   90.00  0.000E+00    0.00     5.2299 -999.9999    5.2299   0.0000   180.00   LINEAR
   20.00   90.00   3.142E+03   90.00  0.000E+00    0.00     0.9122 -999.9999    0.9122   0.0000   180.00   LINEAR
   22.00   90.00   1.297E+03   90.00  0.000E+00    0.00    -6.7757 -999.9999   -6.7757   0.0000   180.00   LINEAR
   24.00   90.00   3.199E+02  -90.00  0.000E+00    0.00   -18.9330 -999.9999  -18.9330   0.0000     0.00   LINEAR
   26.00   90.00   1.672E+03  -90.00  0.000E+00    0.00    -4.5683 -999.9999   -4.5683   0.0000     0.00   LINEAR
   28.00   90.00   2.739E+03  -90.00  0.000E+00    0.00    -0.2794 -999.9999   -0.2794   0.0000     0.00   LINEAR
   30.00   90.00   3.517E+03  -90.00  0.000E+00    0.00     1.8922 -999.9999    1.8922   0.0000     0.00   LINEAR
   32.00   90.00   4.015E+03  -90.00  0.000E+00    0.00     3.0407 -999.9999    3.0407   0.0000     0.00   LINEAR
   34.00   90.00   4.251E+03  -90.00  0.000E+00    0.00     3.5379 -999.9999    3.5379   0.0000     0.00   LINEAR
   36.00   90.00   4.256E+03  -90.00  0.000E+00    0.00     3.5471 -999.9999    3.5471   0.0000     0.00   LINEAR
   38.00   90.00   4.063E+03  -90.00  0.000E+00    0.00     3.1450 -999.9999    3.1450   0.0000     0.00   LINEAR
   40.00   90.00   3.712E+03  -90.00  0.000E+00    0.00     2.3597 -999.9999    2.3597   0.0000     0.00   LINEAR
   42.00   90.00   3.241E+03  -90.00  0.000E+00    0.00     1.1820 -999.9999    1.1820   0.0000     0.00   LINEAR
   44.00   90.00   2.689E+03  -90.00  0.000E+00    0.00    -0.4397 -999.9999   -0.4397   0.0000     0.00   LINEAR
   46.00   90.00   2.091E+03  -90.00  0.000E+00    0.00    -2.6254 -999.9999   -2.6254   0.0000     0.00   LINEAR
   48.00   90.00   1.477E+03  -90.00  0.000E+00    0.00    -5.6425 -999.9999   -5.6425   0.0000     0.00   LINEAR
   50.00   90.00   8.745E+02  -90.00  0.000E+00    0.00   -10.1972 -999.9999  -10.1972   0.0000     0.00   LINEAR
   52.00   90.00   3.030E+02  -90.00  0.000E+00    0.00   -19.4027 -999.9999  -19.4027   0.0000     0.00   LINEAR
   54.00   90.00   2.216E+02   90.00  0.000E+00    0.00   -22.1189 -999.9999  -22.1189   0.0000   180.00   LINEAR
   56.00   90.00   6.891E+02   90.00  0.000E+00    0.00   -12.2659 -999.9999  -12.2659   0.0000   180.00   LINEAR
   58.00   90.00   1.094E+03   90.00  0.000E+00    0.00    -8.2550 -999.9999   -8.2550   0.0000   180.00   LINEAR
   60.00   90.00   1.433E+03   90.00  0.000E+00    0.00    -5.9075 -999.9999   -5.9075   0.0000   180.00   LINEAR
   62.00   90.00   1.708E+03   90.00  0.000E+00    0.00    -4.3808 -999.9999   -4.3808   0.0000   180.00   LINEAR
   64.00   90.00   1.923E+03   90.00  0.000E+00    0.00    -3.3519 -999.9999   -3.3519   0.0000   180.00   LINEAR
   66.00   90.00   2.083E+03   90.00  0.000E+00    0.00    -2.6599 -999.9999   -2.6599   0.0000   180.00   LINEAR
   68.00   90.00   2.193E+03   90.00  0.000E+00    0.00    -2.2110 -999.9999   -2.2110   0.0000   180.00   LINEAR
   70.00   90.00   2.261E+03   90.00  0.000E+00    0.00    -1.9451 -999.9999   -1.9451   0.0000   180.00   LINEAR
   72.00   90.00   2.294E+03   90.00  0.000E+00    0.00    -1.8198 -999.9999   -1.8198   0.0000   180.00   LINEAR
   74.00   90.00   2.298E+03   90.00  0.000E+00    0.00    -1.8039 -999.9999   -1.8039   0.0000   180.00   LINEAR
   76.00   90.00   2.280E+03   90.00  0.000E+00    0.00    -1.8734 -999.9999   -1.8734   0.0000   180.00   LINEAR
   78.00   90.00   2.245E+03   90.00  0.000E+00    0.00    -2.0089 -999.9999   -2.0089   0.0000   180.00   LINEAR
   80.00   90.00   2.197E+03   90.00  0.000E+00    0.00    -2.1949 -999.9999   -2.1949   0.0000   180.00   LINEAR
   82.00   90.00   2.141E+03   90.00  0.000E+00    0.00    -2.4187 -999.9999   -2.4187   0.0000   180.00   LINEAR
   84.00   90.00   2.080E+03   90.00  0.000E+00    0.00    -2.6703 -999.9999   -2.6703   0.0000   180.00   LINEAR
   86.00   90.00   2.016E+03   90.00  0.000E+00    0.00    -2.9420 -999.9999   -2.9420   0.0000   180.00   LINEAR
   88.00   90.00   1.951E+03   90.00  0.000E+00    0.00    -3.2283 -999.9999   -3.2283   0.0000   180.00   LINEAR
   90.00   90.00   1.885E+03   90.00  0.000E+00    0.00    -3.5261 -999.9999   -3.5261   0.0000   180.00   LINEAR
   92.00   90.00   1.819E+03   90.00  0.000E+00    0.00    -3.8348 -999.9999   -3.8348   0.0000   180.00   LINEAR
   94.00   90.00   1.753E+03   90.00  0.000E+00    0.00    -4.1557 -999.9999   -4.1557   0.0000   180.00   LINEAR
   96.00   90.00   1.686E+03   90.00  0.000E+00    0.00    -4.4928 -999.9999   -4.4928   0.0000   180.00   LINEAR
   98.00   90.00   1.618E+03   90.00  0.000E+00    0.00    -4.8522 -999.9999   -4.8522   0.0000   180.00   LINEAR
  100.00   90.00   1.547E+03   90.00  0.000E+00    0.00    -5.2424 -999.9999   -5.2424   0.0000   180.00   LINEAR
  102.00   90.00   1.472E+03   90.00  0.000E+00    0.00    -5.6741 -999.9999   -5.6741   0.0000   180.00   LINEAR
  104.00   90.00   1.392E+03   90.00  0.000E+00    0.00    -6.1610 -999.9999   -6.1610   0.0000   180.00   LINEAR
  106.00   90.00   1.305E+03   90.00  0.000E+00    0.00    -6.7193 -999.9999   -6.7193   0.0000   180.00   LINEAR
  108.00   90.00   1.211E+03   90.00  0.000E+00    0.00    -7.3693 -999.9999   -7.3693   0.0000   180.00   LINEAR
  110.00   90.00   1.109E+03   90.00  0.000E+00    0.00    -8.1360 -999.9999   -8.1360   0.0000   180.00   LINEAR
  112.00   90.00   9.978E+02   90.00  0.000E+00    0.00    -9.0516 -999.9999   -9.0516   0.0000   180.00   LINEAR
  114.00   90.00   8.783E+02   90.00  0.000E+00    0.00   -10.1592 -999.9999  -10.1592   0.0000   180.00   LINEAR
  116.00   90.00   7.509E+02   90.00  0.000E+00    0.00   -11.5204 -999.9999  -11.5204   0.0000   180.00   LINEAR
  118.00   90.00   6.168E+02   90.00  0.000E+00    0.00   -13.2299 -999.9999  -13.2299   0.0000   180.00   LINEAR
  120.00   90.00   4.777E+02   90.00  0.000E+00    0.00   -15.4499 -999.9999  -15.4499   0.0000   180.00   LINEAR
  122.00   90.00   3.360E+02   90.00  0.000E+00    0.00   -18.5049 -999.9999  -18.5049   0.0000   180.00   LINEAR
  124.00   90.00   1.948E+02   90.00  0.000E+00    0.00   -23.2389 -999.9999  -23.2389   0.0000   180.00   LINEAR
  126.00   90.00   5.754E+01   90.00  0.000E+00    0.00   -33.8322 -999.9999  -33.8322   0.0000   180.00   LINEAR
  128.00   90.00   7.208E+01  -90.00  0.000E+00    0.00   -31.8755 -999.9999  -31.8755   0.0000     0.00   LINEAR
  130.00   90.00   1.901E+02  -90.00  0.000E+00    0.00   -23.4503 -999.9999  -23.4503   0.0000     0.00   LINEAR
  132.00   90.00   2.929E+02  -90.00  0.000E+00    0.00   -19.6992 -999.9999  -19.6992   0.0000     0.00   LINEAR
  134.00   90.00   3.767E+02  -90.00  0.000E+00    0.00   -17.5114 -999.9999  -17.5114   0.0000     0.00   LINEAR
  136.00   90.00   4.390E+02  -90.00  0.000E+00    0.00   -16.1833 -999.9999  -16.1833   0.0000     0.00   LINEAR
  138.00   90.00   4.776E+02  -90.00  0.000E+00    0.00   -15.4509 -999.9999  -15.4509   0.0000     0.00   LINEAR
  140.00   90.00   4.917E+02  -90.00  0.000E+00    0.00   -15.1977 -999.9999  -15.1977   0.0000     0.00   LINEAR
  142.00   90.00   4.817E+02  -90.00  0.000E+00    0.00   -15.3762 -999.9999  -15.3762   0.0000     0.00   LINEAR
  144.00   90.00   4.493E+02  -90.00  0.000E+00    0.00   -15.9819 -999.9999  -15.9819   0.0000     0.00   LINEAR
  146.00   90.00   3.974E+02  -90.00  0.000E+00    0.00   -17.0486 -999.9999  -17.0486   0.0000     0.00   LINEAR
  148.00   90.00   3.301E+02  -90.00  0.000E+00    0.00   -18.6594 -999.9999  -18.6594   0.0000     0.00   LINEAR
  150.00   90.00   2.525E+02  -90.00  0.000E+00    0.00   -20.9858 -999.9999  -20.9858   0.0000     0.00   LINEAR
  152.00   90.00   1.703E+02  -90.00  0.000E+00    0.00   -24.4086 -999.9999  -24.4086   0.0000     0.00   LINEAR
  154.00   90.00   8.911E+01  -90.00  0.000E+00    0.00   -30.0338 -999.9999  -30.0338   0.0000     0.00   LINEAR
  156.00   90.00   1.445E+01  -90.00  0.000E+00    0.00   -45.8341 -999.9999  -45.8341   0.0000     0.00   LINEAR
  158.00   90.00   4.899E+01   90.00  0.000E+00    0.00   -35.2297 -999.9999  -35.2297   0.0000   180.00   LINEAR
  160.00   90.00   9.769E+01   90.00  0.000E+00    0.00   -29.2352 -999.9999  -29.2352   0.0000   180.00   LINEAR
  162.00   90.00   1.296E+02   90.00  0.000E+00    0.00   -26.7818 -999.9999  -26.7818   0.0000   180.00   LINEAR
  164.00   90.00   1.442E+02   90.00  0.000E+00    0.00   -25.8518 -999.9999  -25.8518   0.0000   180.00   LINEAR
  166.00   90.00   1.428E+02   90.00  0.000E+00    0.00   -25.9354 -999.9999  -25.9354   0.0000   180.00   LINEAR
  168.00   90.00   1.281E+02   90.00  0.000E+00    0.00   -26.8783 -999.9999  -26.8783   0.0000   180.00   LINEAR
  170.00   90.00   1.040E+02   90.00  0.000E+00    0.00   -28.6894 -999.9999  -28.6894   0.0000   180.00   LINEAR
  172.00   90.00   7.511E+01   90.00  0.000E+00    0.00   -31.5185 -999.9999  -31.5185   0.0000   180.00   LINEAR
  174.00   90.00   4.622E+01   90.00  0.000E+00    0.00   -35.7350 -999.9999  -35.7350   0.0000   180.00   LINEAR
  176.00   90.00   2.186E+01   90.00  0.000E+00    0.00   -42.2379 -999.9999  -42.2379   0.0000   180.00   LINEAR
  178.00   90.00   5.665E+00   90.00  0.000E+00    0.00   -53.9685 -999.9999  -53.9685   0.0000   180.00   LINEAR
  180.00   90.00   7.842E-03  -90.00  1.731E-12  -90.00  -111.1436 -999.9999 -111.1436   0.0000     0.00   LINEAR

     Gain is a factor of  1.00000E+00 (    0.00 dB) larger than directivity

       The directivity/gain is based on an active power of  1.33464E+05 W
       and on a power loss of  0.00000E+00 W 

   Integration of the normal component of the Poynting vector in the angular
   grid DTHETA =    2.00 deg. and DPHI =   90.00 deg. (     362 sample points)
     angular range THETA        angular range PHI       radiated power
  -181.00 .. 181.00 deg.     -45.00 .. 135.00 deg.     1.92552E+05 Watt
  -180.00 .. 180.00 deg.       0.00 ..  90.00 deg.     9.62760E+04 Watt
   Polarisation dependent radiated power:
        horizontal polarisation:    6.89027E+04 Watt ( 71.57 %)
        vertical polarisation:      2.73734E+04 Watt ( 28.43 %)
        S polarisation:             4.81380E+04 Watt ( 50.00 %)
        Z polarisation:             4.81380E+04 Watt ( 50.00 %)
        left hand circular pol.:    4.81380E+04 Watt ( 50.00 %)
        right hand circular pol.:   4.81380E+04 Watt ( 50.00 %)

 read from input file:                             
EN       0    0    0    0    0 0.000E+00 0.000E+00 0.000E+00 0.000E+00 0.000E+00 0.000E+00 0.000E+00 0.000E+00


                    SUMMARY OF REQUIRED TIMES IN SECONDS

                                            CPU-time      runtime
 Reading and constructing the geometry         0.000        0.000
 Checking the geometry                         0.000        0.000
 Initialisation of the Greens function         0.000        0.000
 Calcul. of coupling for PO/Fock               0.000        0.000
 Calcul. of matrix elements                    0.000        0.000
 Calcul. of right-hand side vector             0.000        0.000
 Preconditioning system of linear eqns.        0.000        0.000
 Solution of the system of linear eqns.        0.000        0.000
 Determination of surface currents             0.000        0.000
 Calcul. of impedances/powers/losses           0.000        0.000
 Calcul. of averaged SAR values                0.000        0.000
 Calcul. of power ideal receiving ant.         0.000        0.000
 Calcul. of cable coupling                     0.000        0.000
 Calcul. of electric near field                0.000        0.000
 Calcul. of magnetic near field                0.000        0.000
 Calcul. of far field                          0.015        0.016
                            other              0.000        0.000
                                         -----------  -----------
                         total times:          0.015        0.016
               (total times in hours:          0.000        0.000)

 Peak memory usage during the whole solution:   23.102 kByte

Finished: 2010-03-20 21:09:28                     
