

//*******************************************************************************
project name: .\3x5patch_1stOrderWavePort13\3x5patch_1stOrderWavePort13
frequency: 2.35e+009
start solving: 
TIME___________Total/s__________Delta/s
Real             0.156            0.156
User          0.124801         0.124801
Syst         0.0156001        0.0156001
solving finished: 
TIME___________Total/s__________Delta/s
Real              0.53            0.374
User          0.296402         0.171601
Syst         0.0312002        0.0156001
start writing solution file: 
TIME___________Total/s__________Delta/s
Real             0.592            0.062
User          0.374402        0.0780005
Syst         0.0312002                0
writing solution file finished: 
TIME___________Total/s__________Delta/s
Real             0.624            0.032
User          0.390002        0.0156001
Syst         0.0312002                0
program finished: 
TIME___________Total/s__________Delta/s
Real             0.624                0
User          0.390002                0
Syst         0.0312002                0


//*******************************************************************************
project name: .\3x5patch_1stOrderWavePort13\3x5patch_1stOrderWavePort13
frequency: 2.35e+009
start solving: 
TIME___________Total/s__________Delta/s
Real             0.202            0.202
User          0.124801         0.124801
Syst         0.0312002        0.0312002
solving finished: 
TIME___________Total/s__________Delta/s
Real             0.452             0.25
User          0.265202         0.140401
Syst         0.0468003        0.0156001
start writing solution file: 
TIME___________Total/s__________Delta/s
Real             0.514            0.062
User          0.327602        0.0624004
Syst         0.0468003                0
writing solution file finished: 
TIME___________Total/s__________Delta/s
Real             0.546            0.032
User          0.374402        0.0468003
Syst         0.0468003                0
program finished: 
TIME___________Total/s__________Delta/s
Real             0.561            0.015
User          0.390002        0.0156001
Syst         0.0468003                0


//*******************************************************************************
project name: .\3x5patch_1stOrderWavePort13\3x5patch_1stOrderWavePort13
frequency: 2.35e+009
start solving: 
TIME___________Total/s__________Delta/s
Real             0.171            0.171
User          0.109201         0.109201
Syst         0.0468003        0.0468003
solving finished: 
TIME___________Total/s__________Delta/s
Real             0.405            0.234
User          0.249602         0.140401
Syst         0.0468003                0
start writing solution file: 
TIME___________Total/s__________Delta/s
Real             0.499            0.094
User          0.327602        0.0780005
Syst         0.0780005        0.0312002
writing solution file finished: 
TIME___________Total/s__________Delta/s
Real              0.53            0.031
User          0.343202        0.0156001
Syst         0.0780005                0
program finished: 
TIME___________Total/s__________Delta/s
Real              0.53                0
User          0.343202                0
Syst         0.0780005                0


//*******************************************************************************
project name: .\3x5patch_1stOrderWavePort13\3x5patch_1stOrderWavePort13
frequency: 2.35e+009
start solving: 
TIME___________Total/s__________Delta/s
Real             0.156            0.156
User          0.140401         0.140401
Syst         0.0312002        0.0312002
solving finished: 
TIME___________Total/s__________Delta/s
Real              0.39            0.234
User          0.265202         0.124801
Syst         0.0468003        0.0156001
start writing solution file: 
TIME___________Total/s__________Delta/s
Real             0.452            0.062
User          0.327602        0.0624004
Syst         0.0624004        0.0156001
writing solution file finished: 
TIME___________Total/s__________Delta/s
Real             0.468            0.016
User          0.358802        0.0312002
Syst         0.0624004                0
program finished: 
TIME___________Total/s__________Delta/s
Real             0.483            0.015
User          0.374402        0.0156001
Syst         0.0624004                0
