

//*******************************************************************************
project name: .\3x5patch_2ndOrderWavePort8\3x5patch_2ndOrderWavePort8
frequency: 2.35e+009
start solving: 
TIME___________Total/s__________Delta/s
Real             0.156            0.156
User          0.124801         0.124801
Syst         0.0312002        0.0312002
solving finished: 
TIME___________Total/s__________Delta/s
Real             0.468            0.312
User          0.312002         0.187201
Syst         0.0312002                0
start writing solution file: 
TIME___________Total/s__________Delta/s
Real             0.514            0.046
User          0.358802        0.0468003
Syst         0.0312002                0
writing solution file finished: 
TIME___________Total/s__________Delta/s
Real             0.546            0.032
User          0.390002        0.0312002
Syst         0.0468003        0.0156001
program finished: 
TIME___________Total/s__________Delta/s
Real             0.546                0
User          0.390002                0
Syst         0.0468003                0


//*******************************************************************************
project name: .\3x5patch_2ndOrderWavePort8\3x5patch_2ndOrderWavePort8
frequency: 2.35e+009
start solving: 
TIME___________Total/s__________Delta/s
Real              0.15             0.15
User          0.109201         0.109201
Syst                 0                0
solving finished: 
TIME___________Total/s__________Delta/s
Real              0.41             0.26
User          0.265202         0.156001
Syst         0.0156001        0.0156001
start writing solution file: 
TIME___________Total/s__________Delta/s
Real             0.477            0.067
User          0.327602        0.0624004
Syst         0.0468003        0.0312002
writing solution file finished: 
TIME___________Total/s__________Delta/s
Real              0.57            0.093
User          0.421203        0.0936006
Syst         0.0468003                0
program finished: 
TIME___________Total/s__________Delta/s
Real             0.572            0.002
User          0.421203                0
Syst         0.0468003                0


//*******************************************************************************
project name: .\3x5patch_2ndOrderWavePort8\3x5patch_2ndOrderWavePort8
frequency: 2.35e+009
start solving: 
TIME___________Total/s__________Delta/s
Real              0.14             0.14
User          0.109201         0.109201
Syst         0.0312002        0.0312002
solving finished: 
TIME___________Total/s__________Delta/s
Real              0.53             0.39
User          0.280802         0.171601
Syst         0.0312002                0
start writing solution file: 
TIME___________Total/s__________Delta/s
Real             0.592            0.062
User          0.358802        0.0780005
Syst         0.0312002                0
writing solution file finished: 
TIME___________Total/s__________Delta/s
Real             0.608            0.016
User          0.390002        0.0312002
Syst         0.0312002                0
program finished: 
TIME___________Total/s__________Delta/s
Real             0.608                0
User          0.390002                0
Syst         0.0312002                0


//*******************************************************************************
project name: .\3x5patch_2ndOrderWavePort8\3x5patch_2ndOrderWavePort8
frequency: 2.35e+009
start solving: 
TIME___________Total/s__________Delta/s
Real              0.14             0.14
User         0.0468003        0.0468003
Syst         0.0156001        0.0156001
solving finished: 
TIME___________Total/s__________Delta/s
Real             0.452            0.312
User          0.280802         0.234002
Syst         0.0156001                0
start writing solution file: 
TIME___________Total/s__________Delta/s
Real             0.546            0.094
User          0.390002         0.109201
Syst         0.0156001                0
writing solution file finished: 
TIME___________Total/s__________Delta/s
Real             0.561            0.015
User          0.421203        0.0312002
Syst         0.0156001                0
program finished: 
TIME___________Total/s__________Delta/s
Real             0.577            0.016
User          0.436803        0.0156001
Syst         0.0156001                0
