

//*******************************************************************************
project name: .\3x5patch_1stOrderWavePort9\3x5patch_1stOrderWavePort9
frequency: 2.35e+009
start solving: 
TIME___________Total/s__________Delta/s
Real             0.202            0.202
User          0.109201         0.109201
Syst         0.0780005        0.0780005
solving finished: 
TIME___________Total/s__________Delta/s
Real             0.436            0.234
User          0.202801        0.0936006
Syst         0.0936006        0.0156001
start writing solution file: 
TIME___________Total/s__________Delta/s
Real             0.499            0.063
User          0.296402        0.0936006
Syst          0.109201        0.0156001
writing solution file finished: 
TIME___________Total/s__________Delta/s
Real              0.53            0.031
User          0.343202        0.0468003
Syst          0.109201                0
program finished: 
TIME___________Total/s__________Delta/s
Real              0.53                0
User          0.343202                0
Syst          0.109201                0


//*******************************************************************************
project name: .\3x5patch_1stOrderWavePort9\3x5patch_1stOrderWavePort9
frequency: 2.35e+009
start solving: 
TIME___________Total/s__________Delta/s
Real             0.187            0.187
User          0.109201         0.109201
Syst         0.0312002        0.0312002
solving finished: 
TIME___________Total/s__________Delta/s
Real             0.452            0.265
User          0.265202         0.156001
Syst         0.0468003        0.0156001
start writing solution file: 
TIME___________Total/s__________Delta/s
Real             0.499            0.047
User          0.296402        0.0312002
Syst         0.0624004        0.0156001
writing solution file finished: 
TIME___________Total/s__________Delta/s
Real             0.514            0.015
User          0.327602        0.0312002
Syst         0.0624004                0
program finished: 
TIME___________Total/s__________Delta/s
Real              0.53            0.016
User          0.327602                0
Syst         0.0780005        0.0156001


//*******************************************************************************
project name: .\3x5patch_1stOrderWavePort9\3x5patch_1stOrderWavePort9
frequency: 2.35e+009
start solving: 
TIME___________Total/s__________Delta/s
Real             0.187            0.187
User          0.109201         0.109201
Syst         0.0624004        0.0624004
solving finished: 
TIME___________Total/s__________Delta/s
Real             0.436            0.249
User          0.265202         0.156001
Syst         0.0624004                0
start writing solution file: 
TIME___________Total/s__________Delta/s
Real             0.483            0.047
User          0.343202        0.0780005
Syst         0.0624004                0
writing solution file finished: 
TIME___________Total/s__________Delta/s
Real              0.53            0.047
User          0.390002        0.0468003
Syst         0.0624004                0
program finished: 
TIME___________Total/s__________Delta/s
Real              0.53                0
User          0.390002                0
Syst         0.0624004                0


//*******************************************************************************
project name: .\3x5patch_1stOrderWavePort9\3x5patch_1stOrderWavePort9
frequency: 2.35e+009
start solving: 
TIME___________Total/s__________Delta/s
Real             0.187            0.187
User          0.109201         0.109201
Syst         0.0468003        0.0468003
solving finished: 
TIME___________Total/s__________Delta/s
Real             0.436            0.249
User          0.249602         0.140401
Syst         0.0624004        0.0156001
start writing solution file: 
TIME___________Total/s__________Delta/s
Real             0.483            0.047
User          0.312002        0.0624004
Syst         0.0624004                0
writing solution file finished: 
TIME___________Total/s__________Delta/s
Real             0.499            0.016
User          0.343202        0.0312002
Syst         0.0624004                0
program finished: 
TIME___________Total/s__________Delta/s
Real             0.514            0.015
User          0.358802        0.0156001
Syst         0.0624004                0
