

//*******************************************************************************
project name: .\3x5patch_1stOrderWavePort14\3x5patch_1stOrderWavePort14
frequency: 2.35e+009
start solving: 
TIME___________Total/s__________Delta/s
Real             0.078            0.078
User         0.0468003        0.0468003
Syst         0.0156001        0.0156001
solving finished: 
TIME___________Total/s__________Delta/s
Real             0.327            0.249
User          0.187201         0.140401
Syst         0.0312002        0.0156001
start writing solution file: 
TIME___________Total/s__________Delta/s
Real             0.374            0.047
User          0.265202        0.0780005
Syst         0.0468003        0.0156001
writing solution file finished: 
TIME___________Total/s__________Delta/s
Real              0.39            0.016
User          0.296402        0.0312002
Syst         0.0468003                0
program finished: 
TIME___________Total/s__________Delta/s
Real              0.39                0
User          0.296402                0
Syst         0.0468003                0


//*******************************************************************************
project name: .\3x5patch_1stOrderWavePort14\3x5patch_1stOrderWavePort14
frequency: 2.35e+009
start solving: 
TIME___________Total/s__________Delta/s
Real             0.093            0.093
User         0.0312002        0.0312002
Syst                 0                0
solving finished: 
TIME___________Total/s__________Delta/s
Real             0.358            0.265
User          0.187201         0.156001
Syst         0.0156001        0.0156001
start writing solution file: 
TIME___________Total/s__________Delta/s
Real             0.514            0.156
User          0.343202         0.156001
Syst         0.0312002        0.0156001
writing solution file finished: 
TIME___________Total/s__________Delta/s
Real              0.53            0.016
User          0.358802        0.0156001
Syst         0.0468003        0.0156001
program finished: 
TIME___________Total/s__________Delta/s
Real              0.53                0
User          0.358802                0
Syst         0.0468003                0


//*******************************************************************************
project name: .\3x5patch_1stOrderWavePort14\3x5patch_1stOrderWavePort14
frequency: 2.35e+009
start solving: 
TIME___________Total/s__________Delta/s
Real             0.093            0.093
User         0.0468003        0.0468003
Syst                 0                0
solving finished: 
TIME___________Total/s__________Delta/s
Real             0.327            0.234
User          0.171601         0.124801
Syst                 0                0
start writing solution file: 
TIME___________Total/s__________Delta/s
Real              0.53            0.203
User          0.390002         0.218401
Syst         0.0156001        0.0156001
writing solution file finished: 
TIME___________Total/s__________Delta/s
Real             0.546            0.016
User          0.405603        0.0156001
Syst         0.0156001                0
program finished: 
TIME___________Total/s__________Delta/s
Real             0.561            0.015
User          0.421203        0.0156001
Syst         0.0156001                0


//*******************************************************************************
project name: .\3x5patch_1stOrderWavePort14\3x5patch_1stOrderWavePort14
frequency: 2.35e+009
start solving: 
TIME___________Total/s__________Delta/s
Real             0.093            0.093
User         0.0780005        0.0780005
Syst                 0                0
solving finished: 
TIME___________Total/s__________Delta/s
Real             0.327            0.234
User          0.218401         0.140401
Syst                 0                0
start writing solution file: 
TIME___________Total/s__________Delta/s
Real             0.374            0.047
User          0.280802        0.0624004
Syst                 0                0
writing solution file finished: 
TIME___________Total/s__________Delta/s
Real             0.405            0.031
User          0.312002        0.0312002
Syst                 0                0
program finished: 
TIME___________Total/s__________Delta/s
Real             0.405                0
User          0.312002                0
Syst                 0                0
