

//*******************************************************************************
project name: .\3x5patch_2ndOrderWavePort6\3x5patch_2ndOrderWavePort6
frequency: 2.35e+009
start solving: 
TIME___________Total/s__________Delta/s
Real             0.124            0.124
User         0.0780005        0.0780005
Syst         0.0156001        0.0156001
solving finished: 
TIME___________Total/s__________Delta/s
Real             0.421            0.297
User          0.234002         0.156001
Syst         0.0312002        0.0156001
start writing solution file: 
TIME___________Total/s__________Delta/s
Real             0.499            0.078
User          0.296402        0.0624004
Syst         0.0624004        0.0312002
writing solution file finished: 
TIME___________Total/s__________Delta/s
Real             0.514            0.015
User          0.327602        0.0312002
Syst         0.0624004                0
program finished: 
TIME___________Total/s__________Delta/s
Real             0.514                0
User          0.327602                0
Syst         0.0624004                0


//*******************************************************************************
project name: .\3x5patch_2ndOrderWavePort6\3x5patch_2ndOrderWavePort6
frequency: 2.35e+009
start solving: 
TIME___________Total/s__________Delta/s
Real             0.125            0.125
User         0.0936006        0.0936006
Syst                 0                0
solving finished: 
TIME___________Total/s__________Delta/s
Real              0.38            0.255
User          0.312002         0.218401
Syst                 0                0
start writing solution file: 
TIME___________Total/s__________Delta/s
Real             0.442            0.062
User          0.343202        0.0312002
Syst         0.0156001        0.0156001
writing solution file finished: 
TIME___________Total/s__________Delta/s
Real             0.472             0.03
User          0.374402        0.0312002
Syst         0.0156001                0
program finished: 
TIME___________Total/s__________Delta/s
Real             0.479            0.007
User          0.390002        0.0156001
Syst         0.0156001                0


//*******************************************************************************
project name: .\3x5patch_2ndOrderWavePort6\3x5patch_2ndOrderWavePort6
frequency: 2.35e+009
start solving: 
TIME___________Total/s__________Delta/s
Real             0.124            0.124
User         0.0780005        0.0780005
Syst                 0                0
solving finished: 
TIME___________Total/s__________Delta/s
Real              0.39            0.266
User          0.265202         0.187201
Syst                 0                0
start writing solution file: 
TIME___________Total/s__________Delta/s
Real             0.436            0.046
User          0.312002        0.0468003
Syst         0.0156001        0.0156001
writing solution file finished: 
TIME___________Total/s__________Delta/s
Real             0.468            0.032
User          0.343202        0.0312002
Syst         0.0156001                0
program finished: 
TIME___________Total/s__________Delta/s
Real             0.468                0
User          0.343202                0
Syst         0.0156001                0


//*******************************************************************************
project name: .\3x5patch_2ndOrderWavePort6\3x5patch_2ndOrderWavePort6
frequency: 2.35e+009
start solving: 
TIME___________Total/s__________Delta/s
Real             0.156            0.156
User         0.0312002        0.0312002
Syst                 0                0
solving finished: 
TIME___________Total/s__________Delta/s
Real             0.436             0.28
User          0.218401         0.187201
Syst         0.0156001        0.0156001
start writing solution file: 
TIME___________Total/s__________Delta/s
Real             0.608            0.172
User          0.390002         0.171601
Syst         0.0156001                0
writing solution file finished: 
TIME___________Total/s__________Delta/s
Real             0.624            0.016
User          0.405603        0.0156001
Syst         0.0156001                0
program finished: 
TIME___________Total/s__________Delta/s
Real             0.639            0.015
User          0.405603                0
Syst         0.0156001                0
