

//*******************************************************************************
project name: .\3x5patch_1stOrderWavePort1\3x5patch_1stOrderWavePort1
frequency: 2.35e+009
start solving: 
TIME___________Total/s__________Delta/s
Real             0.109            0.109
User         0.0780005        0.0780005
Syst         0.0156001        0.0156001
solving finished: 
TIME___________Total/s__________Delta/s
Real             0.374            0.265
User          0.249602         0.171601
Syst         0.0156001                0
start writing solution file: 
TIME___________Total/s__________Delta/s
Real             0.436            0.062
User          0.327602        0.0780005
Syst         0.0156001                0
writing solution file finished: 
TIME___________Total/s__________Delta/s
Real             0.452            0.016
User          0.358802        0.0312002
Syst         0.0156001                0
program finished: 
TIME___________Total/s__________Delta/s
Real             0.452                0
User          0.358802                0
Syst         0.0156001                0


//*******************************************************************************
project name: .\3x5patch_1stOrderWavePort1\3x5patch_1stOrderWavePort1
frequency: 2.35e+009
start solving: 
TIME___________Total/s__________Delta/s
Real             0.124            0.124
User         0.0936006        0.0936006
Syst         0.0312002        0.0312002
solving finished: 
TIME___________Total/s__________Delta/s
Real             0.358            0.234
User          0.218401         0.124801
Syst         0.0468003        0.0156001
start writing solution file: 
TIME___________Total/s__________Delta/s
Real             0.499            0.141
User          0.374402         0.156001
Syst         0.0624004        0.0156001
writing solution file finished: 
TIME___________Total/s__________Delta/s
Real             0.577            0.078
User          0.421203        0.0468003
Syst         0.0780005        0.0156001
program finished: 
TIME___________Total/s__________Delta/s
Real             0.577                0
User          0.421203                0
Syst         0.0780005                0


//*******************************************************************************
project name: .\3x5patch_1stOrderWavePort1\3x5patch_1stOrderWavePort1
frequency: 2.35e+009
start solving: 
TIME___________Total/s__________Delta/s
Real              0.14             0.14
User         0.0936006        0.0936006
Syst         0.0156001        0.0156001
solving finished: 
TIME___________Total/s__________Delta/s
Real             0.421            0.281
User          0.265202         0.171601
Syst         0.0312002        0.0156001
start writing solution file: 
TIME___________Total/s__________Delta/s
Real             0.561             0.14
User          0.405603         0.140401
Syst         0.0468003        0.0156001
writing solution file finished: 
TIME___________Total/s__________Delta/s
Real             0.592            0.031
User          0.436803        0.0312002
Syst         0.0468003                0
program finished: 
TIME___________Total/s__________Delta/s
Real             0.592                0
User          0.436803                0
Syst         0.0468003                0


//*******************************************************************************
project name: .\3x5patch_1stOrderWavePort1\3x5patch_1stOrderWavePort1
frequency: 2.35e+009
start solving: 
TIME___________Total/s__________Delta/s
Real             0.109            0.109
User         0.0468003        0.0468003
Syst         0.0156001        0.0156001
solving finished: 
TIME___________Total/s__________Delta/s
Real             0.358            0.249
User          0.202801         0.156001
Syst         0.0156001                0
start writing solution file: 
TIME___________Total/s__________Delta/s
Real             0.436            0.078
User          0.296402        0.0936006
Syst         0.0156001                0
writing solution file finished: 
TIME___________Total/s__________Delta/s
Real             0.452            0.016
User          0.327602        0.0312002
Syst         0.0156001                0
program finished: 
TIME___________Total/s__________Delta/s
Real             0.468            0.016
User          0.327602                0
Syst         0.0312002        0.0156001
