

//*******************************************************************************
project name: .\3x5patch_2ndOrderWavePort10\3x5patch_2ndOrderWavePort10
frequency: 2.35e+009
start solving: 
TIME___________Total/s__________Delta/s
Real             0.156            0.156
User         0.0936006        0.0936006
Syst         0.0312002        0.0312002
solving finished: 
TIME___________Total/s__________Delta/s
Real              0.53            0.374
User          0.390002         0.296402
Syst         0.0312002                0
start writing solution file: 
TIME___________Total/s__________Delta/s
Real             0.577            0.047
User          0.468003        0.0780005
Syst         0.0312002                0
writing solution file finished: 
TIME___________Total/s__________Delta/s
Real             0.608            0.031
User          0.499203        0.0312002
Syst         0.0312002                0
program finished: 
TIME___________Total/s__________Delta/s
Real             0.608                0
User          0.499203                0
Syst         0.0312002                0


//*******************************************************************************
project name: .\3x5patch_2ndOrderWavePort10\3x5patch_2ndOrderWavePort10
frequency: 2.35e+009
start solving: 
TIME___________Total/s__________Delta/s
Real             0.155            0.155
User         0.0936006        0.0936006
Syst         0.0312002        0.0312002
solving finished: 
TIME___________Total/s__________Delta/s
Real              0.41            0.255
User          0.296402         0.202801
Syst         0.0312002                0
start writing solution file: 
TIME___________Total/s__________Delta/s
Real             0.467            0.057
User          0.343202        0.0468003
Syst         0.0468003        0.0156001
writing solution file finished: 
TIME___________Total/s__________Delta/s
Real             0.492            0.025
User          0.374402        0.0312002
Syst         0.0468003                0
program finished: 
TIME___________Total/s__________Delta/s
Real             0.492                0
User          0.374402                0
Syst         0.0468003                0


//*******************************************************************************
project name: .\3x5patch_2ndOrderWavePort10\3x5patch_2ndOrderWavePort10
frequency: 2.35e+009
start solving: 
TIME___________Total/s__________Delta/s
Real             0.156            0.156
User         0.0780005        0.0780005
Syst         0.0156001        0.0156001
solving finished: 
TIME___________Total/s__________Delta/s
Real             0.468            0.312
User          0.280802         0.202801
Syst         0.0312002        0.0156001
start writing solution file: 
TIME___________Total/s__________Delta/s
Real              0.53            0.062
User          0.358802        0.0780005
Syst         0.0312002                0
writing solution file finished: 
TIME___________Total/s__________Delta/s
Real             0.608            0.078
User          0.421203        0.0624004
Syst         0.0468003        0.0156001
program finished: 
TIME___________Total/s__________Delta/s
Real             0.608                0
User          0.421203                0
Syst         0.0468003                0


//*******************************************************************************
project name: .\3x5patch_2ndOrderWavePort10\3x5patch_2ndOrderWavePort10
frequency: 2.35e+009
start solving: 
TIME___________Total/s__________Delta/s
Real             0.156            0.156
User         0.0624004        0.0624004
Syst         0.0312002        0.0312002
solving finished: 
TIME___________Total/s__________Delta/s
Real             0.421            0.265
User          0.218401         0.156001
Syst         0.0468003        0.0156001
start writing solution file: 
TIME___________Total/s__________Delta/s
Real             0.499            0.078
User          0.312002        0.0936006
Syst         0.0624004        0.0156001
writing solution file finished: 
TIME___________Total/s__________Delta/s
Real             0.514            0.015
User          0.343202        0.0312002
Syst         0.0624004                0
program finished: 
TIME___________Total/s__________Delta/s
Real              0.53            0.016
User          0.358802        0.0156001
Syst         0.0624004                0
